TN:
SF:resources/js/App.vue
FN:403,(anonymous_0)
FN:407,(anonymous_1)
FN:414,(anonymous_2)
FN:422,(anonymous_3)
FN:431,(anonymous_4)
FN:437,(anonymous_5)
FN:448,(anonymous_6)
FN:458,(anonymous_7)
FN:477,(anonymous_8)
FN:487,(anonymous_9)
FN:496,(anonymous_10)
FN:504,(anonymous_11)
FN:528,(anonymous_12)
FN:529,(anonymous_13)
FN:541,(anonymous_14)
FN:548,(anonymous_15)
FN:27,(anonymous_16)
FN:63,(anonymous_17)
FN:78,(anonymous_18)
FN:86,(anonymous_19)
FN:101,(anonymous_20)
FN:109,(anonymous_21)
FN:124,(anonymous_22)
FN:132,(anonymous_23)
FN:144,(anonymous_24)
FN:159,(anonymous_25)
FN:167,(anonymous_26)
FN:175,(anonymous_27)
FNF:28
FNH:3
FNDA:0,(anonymous_0)
FNDA:1,(anonymous_1)
FNDA:0,(anonymous_2)
FNDA:0,(anonymous_3)
FNDA:0,(anonymous_4)
FNDA:0,(anonymous_5)
FNDA:0,(anonymous_6)
FNDA:1,(anonymous_7)
FNDA:0,(anonymous_8)
FNDA:0,(anonymous_9)
FNDA:0,(anonymous_10)
FNDA:0,(anonymous_11)
FNDA:0,(anonymous_12)
FNDA:0,(anonymous_13)
FNDA:1,(anonymous_14)
FNDA:0,(anonymous_15)
FNDA:0,(anonymous_16)
FNDA:0,(anonymous_17)
FNDA:0,(anonymous_18)
FNDA:0,(anonymous_19)
FNDA:0,(anonymous_20)
FNDA:0,(anonymous_21)
FNDA:0,(anonymous_22)
FNDA:0,(anonymous_23)
FNDA:0,(anonymous_24)
FNDA:0,(anonymous_25)
FNDA:0,(anonymous_26)
FNDA:0,(anonymous_27)
DA:2,1
DA:9,1
DA:10,1
DA:11,1
DA:13,1
DA:27,0
DA:33,1
DA:34,1
DA:43,1
DA:58,1
DA:60,1
DA:63,0
DA:75,1
DA:78,0
DA:83,1
DA:86,0
DA:98,1
DA:101,0
DA:106,1
DA:109,0
DA:121,1
DA:124,0
DA:129,1
DA:132,0
DA:141,1
DA:144,0
DA:156,1
DA:159,0
DA:164,1
DA:167,0
DA:172,1
DA:175,0
DA:185,1
DA:394,1
DA:395,1
DA:396,1
DA:397,1
DA:398,1
DA:399,1
DA:400,1
DA:403,1
DA:404,0
DA:407,1
DA:408,1
DA:409,1
DA:410,1
DA:414,1
DA:415,0
DA:416,0
DA:418,0
DA:422,1
DA:423,0
DA:424,0
DA:425,0
DA:431,1
DA:433,0
DA:436,0
DA:439,0
DA:440,0
DA:447,0
DA:448,0
DA:449,0
DA:450,0
DA:451,0
DA:452,0
DA:458,1
DA:459,1
DA:460,1
DA:462,1
DA:463,0
DA:464,0
DA:465,0
DA:466,0
DA:467,0
DA:469,0
DA:470,0
DA:473,1
DA:477,1
DA:478,0
DA:479,0
DA:480,0
DA:481,0
DA:482,0
DA:483,0
DA:487,1
DA:488,0
DA:489,0
DA:490,0
DA:491,0
DA:492,0
DA:493,0
DA:496,1
DA:497,0
DA:498,0
DA:499,0
DA:501,0
DA:504,1
DA:505,0
DA:506,0
DA:508,0
DA:511,0
DA:513,0
DA:524,1
DA:527,1
DA:528,0
DA:530,0
DA:532,0
DA:533,0
DA:536,0
DA:541,1
DA:543,1
DA:544,1
DA:545,1
DA:548,1
DA:549,0
DA:550,0
LF:116
LH:52
BRDA:409,0,0,1
BRDA:409,0,1,0
BRDA:415,1,0,0
BRDA:415,1,1,0
BRDA:424,2,0,0
BRDA:424,2,1,0
BRDA:439,3,0,0
BRDA:439,3,1,0
BRDA:439,4,0,0
BRDA:439,4,1,0
BRDA:449,5,0,0
BRDA:449,5,1,0
BRDA:451,6,0,0
BRDA:451,6,1,0
BRDA:462,7,0,0
BRDA:462,7,1,1
BRDA:462,8,0,1
BRDA:462,8,1,0
BRDA:479,9,0,0
BRDA:479,9,1,0
BRDA:530,10,0,0
BRDA:530,10,1,0
BRDA:530,11,0,0
BRDA:530,11,1,0
BRDA:532,12,0,0
BRDA:532,12,1,0
BRDA:4,13,0,1
BRDA:4,13,1,0
BRDA:18,14,0,0
BRDA:18,14,1,0
BRDA:19,15,0,0
BRDA:19,15,1,NaN
BRDA:25,16,0,0
BRDA:25,16,1,NaN
BRDA:27,17,0,0
BRDA:27,17,1,0
BRDA:32,18,0,0
BRDA:32,18,1,NaN
BRDA:34,19,0,0
BRDA:34,19,1,0
BRDA:44,20,0,0
BRDA:44,20,1,0
BRDA:63,21,0,0
BRDA:63,21,1,0
BRDA:69,22,0,0
BRDA:69,22,1,0
BRDA:72,23,0,0
BRDA:72,23,1,0
BRDA:78,24,0,0
BRDA:78,24,1,0
BRDA:86,25,0,0
BRDA:86,25,1,0
BRDA:92,26,0,0
BRDA:92,26,1,0
BRDA:95,27,0,0
BRDA:95,27,1,0
BRDA:101,28,0,0
BRDA:101,28,1,0
BRDA:109,29,0,0
BRDA:109,29,1,0
BRDA:115,30,0,0
BRDA:115,30,1,0
BRDA:118,31,0,0
BRDA:118,31,1,0
BRDA:124,32,0,0
BRDA:124,32,1,0
BRDA:132,33,0,0
BRDA:132,33,1,0
BRDA:138,34,0,0
BRDA:138,34,1,0
BRDA:144,35,0,0
BRDA:144,35,1,0
BRDA:150,36,0,0
BRDA:150,36,1,0
BRDA:153,37,0,0
BRDA:153,37,1,0
BRDA:159,38,0,0
BRDA:159,38,1,0
BRDA:167,39,0,0
BRDA:167,39,1,0
BRDA:175,40,0,0
BRDA:175,40,1,0
BRDA:187,41,0,0
BRDA:187,41,1,NaN
BRDA:201,42,0,0
BRDA:201,42,1,NaN
BRDA:217,43,0,0
BRDA:217,43,1,NaN
BRDA:233,44,0,0
BRDA:233,44,1,NaN
BRDA:249,45,0,0
BRDA:249,45,1,NaN
BRDA:265,46,0,0
BRDA:265,46,1,NaN
BRDA:281,47,0,0
BRDA:281,47,1,NaN
BRDA:297,48,0,0
BRDA:297,48,1,NaN
BRDA:311,49,0,0
BRDA:311,49,1,NaN
BRDA:327,50,0,0
BRDA:327,50,1,NaN
BRDA:343,51,0,0
BRDA:343,51,1,NaN
BRF:104
BRH:4
end_of_record
TN:
SF:resources/js/app.js
FNF:0
FNH:0
DA:18,0
DA:21,0
LF:2
LH:0
BRF:0
BRH:0
end_of_record
TN:
SF:resources/js/bootstrap.js
FN:18,(anonymous_0)
FN:19,(anonymous_1)
FNF:2
FNH:0
FNDA:0,(anonymous_0)
FNDA:0,(anonymous_1)
DA:2,0
DA:4,0
DA:5,0
DA:6,0
DA:9,0
DA:10,0
DA:11,0
DA:13,0
DA:17,0
DA:18,0
DA:20,0
DA:21,0
DA:23,0
DA:29,0
DA:35,0
DA:37,0
DA:39,0
DA:40,0
DA:49,0
DA:50,0
DA:51,0
DA:52,0
DA:54,0
DA:55,0
DA:57,0
LF:25
LH:0
BRDA:10,0,0,0
BRDA:10,0,1,0
BRDA:20,1,0,0
BRDA:20,1,1,0
BRDA:35,2,0,0
BRDA:35,2,1,0
BRDA:39,3,0,0
BRDA:39,3,1,0
BRDA:39,4,0,0
BRDA:39,4,1,0
BRDA:54,5,0,0
BRDA:54,5,1,0
BRF:12
BRH:0
end_of_record
TN:
SF:resources/js/components/auth/Login.spec.js
FN:6,(anonymous_0)
FN:19,(anonymous_1)
FN:22,(anonymous_2)
FN:44,(anonymous_3)
FN:59,(anonymous_4)
FN:66,(anonymous_5)
FN:74,(anonymous_6)
FN:88,(anonymous_7)
FN:124,(anonymous_8)
FN:148,(anonymous_9)
FN:150,(anonymous_10)
FN:150,(anonymous_11)
FN:168,(anonymous_12)
FNF:13
FNH:0
FNDA:0,(anonymous_0)
FNDA:0,(anonymous_1)
FNDA:0,(anonymous_2)
FNDA:0,(anonymous_3)
FNDA:0,(anonymous_4)
FNDA:0,(anonymous_5)
FNDA:0,(anonymous_6)
FNDA:0,(anonymous_7)
FNDA:0,(anonymous_8)
FNDA:0,(anonymous_9)
FNDA:0,(anonymous_10)
FNDA:0,(anonymous_11)
FNDA:0,(anonymous_12)
DA:2,0
DA:3,0
DA:6,0
DA:17,0
DA:19,0
DA:22,0
DA:24,0
DA:27,0
DA:33,0
DA:38,0
DA:44,0
DA:46,0
DA:49,0
DA:50,0
DA:53,0
DA:59,0
DA:60,0
DA:66,0
DA:67,0
DA:68,0
DA:74,0
DA:75,0
DA:76,0
DA:78,0
DA:79,0
DA:81,0
DA:82,0
DA:88,0
DA:90,0
DA:105,0
DA:106,0
DA:109,0
DA:110,0
DA:113,0
DA:114,0
DA:124,0
DA:126,0
DA:134,0
DA:135,0
DA:138,0
DA:139,0
DA:142,0
DA:148,0
DA:150,0
DA:153,0
DA:154,0
DA:157,0
DA:160,0
DA:161,0
DA:162,0
DA:168,0
DA:170,0
DA:181,0
DA:184,0
DA:185,0
DA:186,0
DA:189,0
LF:57
LH:0
BRF:0
BRH:0
end_of_record
TN:
SF:resources/js/components/auth/Login.vue
FN:76,(anonymous_0)
FN:22,(anonymous_1)
FN:37,(anonymous_2)
FNF:3
FNH:0
FNDA:0,(anonymous_0)
FNDA:0,(anonymous_1)
FNDA:0,(anonymous_2)
DA:2,1
DA:3,1
DA:13,1
DA:15,1
DA:22,0
DA:28,1
DA:30,1
DA:37,0
DA:47,1
DA:55,1
DA:56,1
DA:66,1
DA:68,1
DA:73,1
DA:74,1
DA:76,1
DA:77,0
DA:78,0
DA:80,0
DA:84,0
DA:86,0
DA:87,0
DA:88,0
DA:91,0
DA:92,0
DA:95,0
DA:98,0
DA:101,0
DA:102,0
DA:103,0
DA:104,0
DA:105,0
DA:106,0
DA:108,0
DA:110,0
DA:112,0
LF:36
LH:14
BRDA:86,0,0,0
BRDA:86,0,1,0
BRDA:101,1,0,0
BRDA:101,1,1,0
BRDA:103,2,0,0
BRDA:103,2,1,0
BRDA:105,3,0,0
BRDA:105,3,1,0
BRDA:4,4,0,1
BRDA:4,4,1,1
BRDA:14,5,0,1
BRDA:14,5,1,1
BRDA:16,6,0,1
BRDA:16,6,1,1
BRDA:22,7,0,1
BRDA:22,7,1,1
BRDA:29,8,0,1
BRDA:29,8,1,1
BRDA:31,9,0,1
BRDA:31,9,1,1
BRDA:37,10,0,1
BRDA:37,10,1,1
BRDA:43,11,0,0
BRDA:43,11,1,NaN
BRDA:44,12,0,0
BRDA:44,12,1,0
BRDA:49,13,0,0
BRDA:49,13,1,NaN
BRDA:50,14,0,0
BRDA:50,14,1,1
BRF:30
BRH:15
end_of_record
TN:
SF:resources/js/components/categorias/CategoriaList.vue
FN:141,(anonymous_0)
FN:142,(anonymous_1)
FN:153,(anonymous_2)
FN:159,(anonymous_3)
FN:176,(anonymous_4)
FN:182,(anonymous_5)
FN:190,(anonymous_6)
FN:201,(anonymous_7)
FN:214,(anonymous_8)
FN:242,(anonymous_9)
FN:244,(anonymous_10)
FN:249,(anonymous_11)
FN:259,(anonymous_12)
FN:270,(anonymous_13)
FN:293,(anonymous_14)
FN:341,(anonymous_15)
FN:378,(anonymous_16)
FN:390,(anonymous_17)
FN:71,(anonymous_18)
FN:86,(anonymous_19)
FNF:20
FNH:0
FNDA:0,(anonymous_0)
FNDA:0,(anonymous_1)
FNDA:0,(anonymous_2)
FNDA:0,(anonymous_3)
FNDA:0,(anonymous_4)
FNDA:0,(anonymous_5)
FNDA:0,(anonymous_6)
FNDA:0,(anonymous_7)
FNDA:0,(anonymous_8)
FNDA:0,(anonymous_9)
FNDA:0,(anonymous_10)
FNDA:0,(anonymous_11)
FNDA:0,(anonymous_12)
FNDA:0,(anonymous_13)
FNDA:0,(anonymous_14)
FNDA:0,(anonymous_15)
FNDA:0,(anonymous_16)
FNDA:0,(anonymous_17)
FNDA:0,(anonymous_18)
FNDA:0,(anonymous_19)
DA:2,1
DA:4,1
DA:46,1
DA:47,1
DA:48,1
DA:49,1
DA:50,1
DA:59,1
DA:61,1
DA:63,1
DA:71,0
DA:81,1
DA:86,0
DA:94,1
DA:101,1
DA:126,0
DA:127,0
DA:128,0
DA:129,0
DA:132,0
DA:138,0
DA:141,0
DA:142,0
DA:143,0
DA:144,0
DA:147,0
DA:154,0
DA:155,0
DA:157,0
DA:160,0
DA:161,0
DA:177,0
DA:183,0
DA:191,0
DA:192,0
DA:194,0
DA:202,0
DA:215,0
DA:223,0
DA:244,0
DA:245,0
DA:246,0
DA:249,0
DA:250,0
DA:251,0
DA:252,0
DA:259,0
DA:260,0
DA:265,0
DA:266,0
DA:267,0
DA:270,0
DA:271,0
DA:272,0
DA:274,0
DA:275,0
DA:280,0
DA:281,0
DA:282,0
DA:285,0
DA:293,0
DA:294,0
DA:295,0
DA:296,0
DA:298,0
DA:302,0
DA:304,0
DA:309,0
DA:310,0
DA:318,0
DA:319,0
DA:322,0
DA:323,0
DA:324,0
DA:330,0
DA:337,0
DA:341,0
DA:342,0
DA:353,0
DA:354,0
DA:355,0
DA:357,0
DA:358,0
DA:366,0
DA:369,0
DA:378,0
DA:379,0
DA:380,0
DA:381,0
DA:386,0
DA:390,0
DA:391,0
LF:92
LH:13
BRDA:143,0,0,0
BRDA:143,0,1,0
BRDA:154,1,0,0
BRDA:154,1,1,0
BRDA:155,2,0,0
BRDA:155,2,1,0
BRDA:183,3,0,0
BRDA:183,3,1,0
BRDA:191,4,0,0
BRDA:191,4,1,0
BRDA:215,5,0,0
BRDA:215,5,1,0
BRDA:274,6,0,0
BRDA:274,6,1,0
BRDA:278,7,0,0
BRDA:278,7,1,0
BRDA:298,8,0,0
BRDA:298,8,1,0
BRDA:302,9,0,0
BRDA:302,9,1,0
BRDA:309,10,0,0
BRDA:309,10,1,0
BRDA:322,11,0,0
BRDA:322,11,1,0
BRDA:323,12,0,0
BRDA:323,12,1,0
BRDA:333,13,0,0
BRDA:333,13,1,0
BRDA:343,14,0,0
BRDA:343,14,1,0
BRDA:344,15,0,0
BRDA:344,15,1,0
BRDA:347,16,0,0
BRDA:347,16,1,0
BRDA:349,17,0,0
BRDA:349,17,1,0
BRDA:353,18,0,0
BRDA:353,18,1,0
BRDA:357,19,0,0
BRDA:357,19,1,0
BRDA:372,20,0,0
BRDA:372,20,1,0
BRDA:9,21,0,0
BRDA:9,21,1,0
BRDA:24,22,0,0
BRDA:24,22,1,0
BRDA:51,23,0,0
BRDA:51,23,1,0
BRDA:52,24,0,0
BRDA:52,24,1,0
BRDA:64,25,0,0
BRDA:64,25,1,0
BRDA:71,26,0,0
BRDA:71,26,1,0
BRDA:75,27,0,0
BRDA:75,27,1,NaN
BRDA:82,28,0,0
BRDA:82,28,1,0
BRDA:86,29,0,0
BRDA:86,29,1,0
BRDA:91,30,0,0
BRDA:91,30,1,NaN
BRDA:95,31,0,0
BRDA:95,31,1,0
BRDA:106,32,0,0
BRDA:106,32,1,0
BRDA:107,33,0,0
BRDA:107,33,1,0
BRF:68
BRH:0
end_of_record
TN:
SF:resources/js/components/clientes/ClienteList.vue
FN:440,(anonymous_0)
FN:444,(anonymous_1)
FN:454,(anonymous_2)
FN:464,(anonymous_3)
FN:469,(anonymous_4)
FN:470,(anonymous_5)
FN:487,(anonymous_6)
FN:493,(anonymous_7)
FN:506,(anonymous_8)
FN:512,(anonymous_9)
FN:523,(anonymous_10)
FN:533,(anonymous_11)
FN:548,(anonymous_12)
FN:562,(anonymous_13)
FN:581,(anonymous_14)
FN:594,(anonymous_15)
FN:622,(anonymous_16)
FN:623,(anonymous_17)
FN:628,(anonymous_18)
FN:638,(anonymous_19)
FN:649,(anonymous_20)
FN:686,(anonymous_21)
FN:734,(anonymous_22)
FN:780,(anonymous_23)
FN:818,(anonymous_24)
FN:845,(anonymous_25)
FN:852,(anonymous_26)
FN:85,(anonymous_27)
FN:107,(anonymous_28)
FN:125,(anonymous_29)
FN:143,(anonymous_30)
FN:161,(anonymous_31)
FN:173,(anonymous_32)
FN:188,(anonymous_33)
FN:203,(anonymous_34)
FN:217,(anonymous_35)
FN:229,(anonymous_36)
FN:241,(anonymous_37)
FN:253,(anonymous_38)
FN:265,(anonymous_39)
FN:287,(anonymous_40)
FN:300,(anonymous_41)
FN:322,(anonymous_42)
FN:339,(anonymous_43)
FN:357,(anonymous_44)
FN:372,(anonymous_45)
FNF:46
FNH:0
FNDA:0,(anonymous_0)
FNDA:0,(anonymous_1)
FNDA:0,(anonymous_2)
FNDA:0,(anonymous_3)
FNDA:0,(anonymous_4)
FNDA:0,(anonymous_5)
FNDA:0,(anonymous_6)
FNDA:0,(anonymous_7)
FNDA:0,(anonymous_8)
FNDA:0,(anonymous_9)
FNDA:0,(anonymous_10)
FNDA:0,(anonymous_11)
FNDA:0,(anonymous_12)
FNDA:0,(anonymous_13)
FNDA:0,(anonymous_14)
FNDA:0,(anonymous_15)
FNDA:0,(anonymous_16)
FNDA:0,(anonymous_17)
FNDA:0,(anonymous_18)
FNDA:0,(anonymous_19)
FNDA:0,(anonymous_20)
FNDA:0,(anonymous_21)
FNDA:0,(anonymous_22)
FNDA:0,(anonymous_23)
FNDA:0,(anonymous_24)
FNDA:0,(anonymous_25)
FNDA:0,(anonymous_26)
FNDA:0,(anonymous_27)
FNDA:0,(anonymous_28)
FNDA:0,(anonymous_29)
FNDA:0,(anonymous_30)
FNDA:0,(anonymous_31)
FNDA:0,(anonymous_32)
FNDA:0,(anonymous_33)
FNDA:0,(anonymous_34)
FNDA:0,(anonymous_35)
FNDA:0,(anonymous_36)
FNDA:0,(anonymous_37)
FNDA:0,(anonymous_38)
FNDA:0,(anonymous_39)
FNDA:0,(anonymous_40)
FNDA:0,(anonymous_41)
FNDA:0,(anonymous_42)
FNDA:0,(anonymous_43)
FNDA:0,(anonymous_44)
FNDA:0,(anonymous_45)
DA:2,1
DA:4,1
DA:55,1
DA:56,1
DA:57,1
DA:58,1
DA:59,1
DA:68,1
DA:71,1
DA:75,1
DA:76,1
DA:78,1
DA:85,0
DA:99,1
DA:107,0
DA:117,1
DA:125,0
DA:135,1
DA:143,0
DA:153,1
DA:161,0
DA:171,1
DA:173,0
DA:182,1
DA:188,0
DA:197,1
DA:203,0
DA:212,1
DA:217,0
DA:224,1
DA:229,0
DA:236,1
DA:241,0
DA:248,1
DA:253,0
DA:260,1
DA:265,0
DA:275,1
DA:279,1
DA:280,1
DA:282,1
DA:287,0
DA:293,1
DA:300,0
DA:313,1
DA:315,1
DA:322,0
DA:333,1
DA:339,0
DA:350,1
DA:357,0
DA:368,1
DA:372,0
DA:382,1
DA:403,0
DA:406,0
DA:407,0
DA:408,0
DA:409,0
DA:412,0
DA:437,0
DA:440,0
DA:441,0
DA:444,0
DA:445,0
DA:451,0
DA:454,0
DA:455,0
DA:461,0
DA:464,0
DA:465,0
DA:469,0
DA:470,0
DA:471,0
DA:472,0
DA:473,0
DA:474,0
DA:477,0
DA:478,0
DA:481,0
DA:488,0
DA:489,0
DA:491,0
DA:494,0
DA:495,0
DA:507,0
DA:513,0
DA:514,0
DA:524,0
DA:534,0
DA:535,0
DA:536,0
DA:538,0
DA:539,0
DA:541,0
DA:549,0
DA:555,0
DA:563,0
DA:564,0
DA:565,0
DA:567,0
DA:568,0
DA:574,0
DA:582,0
DA:583,0
DA:585,0
DA:595,0
DA:603,0
DA:623,0
DA:624,0
DA:625,0
DA:628,0
DA:629,0
DA:630,0
DA:631,0
DA:638,0
DA:640,0
DA:641,0
DA:643,0
DA:644,0
DA:645,0
DA:649,0
DA:650,0
DA:671,0
DA:672,0
DA:673,0
DA:676,0
DA:677,0
DA:678,0
DA:679,0
DA:682,0
DA:686,0
DA:687,0
DA:688,0
DA:690,0
DA:691,0
DA:692,0
DA:694,0
DA:720,0
DA:721,0
DA:722,0
DA:725,0
DA:726,0
DA:734,0
DA:735,0
DA:736,0
DA:737,0
DA:739,0
DA:743,0
DA:745,0
DA:747,0
DA:748,0
DA:756,0
DA:757,0
DA:760,0
DA:761,0
DA:762,0
DA:763,0
DA:769,0
DA:776,0
DA:780,0
DA:781,0
DA:792,0
DA:793,0
DA:794,0
DA:796,0
DA:797,0
DA:805,0
DA:808,0
DA:809,0
DA:818,0
DA:819,0
DA:820,0
DA:821,0
DA:842,0
DA:845,0
DA:846,0
DA:847,0
DA:852,0
DA:853,0
LF:180
LH:35
BRDA:451,0,0,0
BRDA:451,0,1,0
BRDA:461,1,0,0
BRDA:461,1,1,0
BRDA:471,2,0,0
BRDA:471,2,1,0
BRDA:471,3,0,0
BRDA:471,3,1,0
BRDA:471,3,2,0
BRDA:477,4,0,0
BRDA:477,4,1,0
BRDA:488,5,0,0
BRDA:488,5,1,0
BRDA:489,6,0,0
BRDA:489,6,1,0
BRDA:513,7,0,0
BRDA:513,7,1,0
BRDA:513,8,0,0
BRDA:513,8,1,0
BRDA:516,9,0,0
BRDA:516,9,1,0
BRDA:535,10,0,0
BRDA:535,10,1,0
BRDA:538,11,0,0
BRDA:538,11,1,0
BRDA:541,12,0,0
BRDA:541,12,1,0
BRDA:564,13,0,0
BRDA:564,13,1,0
BRDA:565,14,0,0
BRDA:565,14,1,0
BRDA:565,15,0,0
BRDA:565,15,1,0
BRDA:567,16,0,0
BRDA:567,16,1,0
BRDA:582,17,0,0
BRDA:582,17,1,0
BRDA:595,18,0,0
BRDA:595,18,1,0
BRDA:640,19,0,0
BRDA:640,19,1,0
BRDA:678,20,0,0
BRDA:678,20,1,0
BRDA:690,21,0,0
BRDA:690,21,1,0
BRDA:700,22,0,0
BRDA:700,22,1,0
BRDA:701,23,0,0
BRDA:701,23,1,0
BRDA:702,24,0,0
BRDA:702,24,1,0
BRDA:703,25,0,0
BRDA:703,25,1,0
BRDA:704,26,0,0
BRDA:704,26,1,0
BRDA:705,27,0,0
BRDA:705,27,1,0
BRDA:706,28,0,0
BRDA:706,28,1,0
BRDA:707,29,0,0
BRDA:707,29,1,0
BRDA:708,30,0,0
BRDA:708,30,1,0
BRDA:709,31,0,0
BRDA:709,31,1,0
BRDA:717,32,0,0
BRDA:717,32,1,0
BRDA:729,33,0,0
BRDA:729,33,1,0
BRDA:739,34,0,0
BRDA:739,34,1,0
BRDA:743,35,0,0
BRDA:743,35,1,0
BRDA:747,36,0,0
BRDA:747,36,1,0
BRDA:761,37,0,0
BRDA:761,37,1,0
BRDA:762,38,0,0
BRDA:762,38,1,0
BRDA:772,39,0,0
BRDA:772,39,1,0
BRDA:782,40,0,0
BRDA:782,40,1,0
BRDA:783,41,0,0
BRDA:783,41,1,0
BRDA:786,42,0,0
BRDA:786,42,1,0
BRDA:788,43,0,0
BRDA:788,43,1,0
BRDA:792,44,0,0
BRDA:792,44,1,0
BRDA:796,45,0,0
BRDA:796,45,1,0
BRDA:812,46,0,0
BRDA:812,46,1,0
BRDA:846,47,0,0
BRDA:846,47,1,0
BRDA:9,48,0,0
BRDA:9,48,1,0
BRDA:60,49,0,0
BRDA:60,49,1,0
BRDA:61,50,0,0
BRDA:61,50,1,0
BRDA:72,51,0,0
BRDA:72,51,1,0
BRDA:79,52,0,0
BRDA:79,52,1,0
BRDA:85,53,0,0
BRDA:85,53,1,0
BRDA:93,54,0,0
BRDA:93,54,1,NaN
BRDA:100,55,0,0
BRDA:100,55,1,0
BRDA:107,56,0,0
BRDA:107,56,1,0
BRDA:111,57,0,0
BRDA:111,57,1,NaN
BRDA:118,58,0,0
BRDA:118,58,1,0
BRDA:125,59,0,0
BRDA:125,59,1,0
BRDA:129,60,0,0
BRDA:129,60,1,NaN
BRDA:136,61,0,0
BRDA:136,61,1,0
BRDA:143,62,0,0
BRDA:143,62,1,0
BRDA:147,63,0,0
BRDA:147,63,1,NaN
BRDA:154,64,0,0
BRDA:154,64,1,0
BRDA:161,65,0,0
BRDA:161,65,1,0
BRDA:165,66,0,0
BRDA:165,66,1,NaN
BRDA:172,67,0,0
BRDA:172,67,1,0
BRDA:173,68,0,0
BRDA:173,68,1,0
BRDA:183,69,0,0
BRDA:183,69,1,0
BRDA:188,70,0,0
BRDA:188,70,1,0
BRDA:191,71,0,0
BRDA:191,71,1,NaN
BRDA:198,72,0,0
BRDA:198,72,1,0
BRDA:203,73,0,0
BRDA:203,73,1,0
BRDA:206,74,0,0
BRDA:206,74,1,NaN
BRDA:213,75,0,0
BRDA:213,75,1,0
BRDA:217,76,0,0
BRDA:217,76,1,0
BRDA:225,77,0,0
BRDA:225,77,1,0
BRDA:229,78,0,0
BRDA:229,78,1,0
BRDA:237,79,0,0
BRDA:237,79,1,0
BRDA:241,80,0,0
BRDA:241,80,1,0
BRDA:249,81,0,0
BRDA:249,81,1,0
BRDA:253,82,0,0
BRDA:253,82,1,0
BRDA:261,83,0,0
BRDA:261,83,1,0
BRDA:265,84,0,0
BRDA:265,84,1,0
BRDA:276,85,0,0
BRDA:276,85,1,0
BRDA:283,86,0,0
BRDA:283,86,1,0
BRDA:287,87,0,0
BRDA:287,87,1,0
BRDA:294,88,0,0
BRDA:294,88,1,0
BRDA:300,89,0,0
BRDA:300,89,1,0
BRDA:307,90,0,0
BRDA:307,90,1,NaN
BRDA:314,91,0,0
BRDA:314,91,1,0
BRDA:316,92,0,0
BRDA:316,92,1,0
BRDA:322,93,0,0
BRDA:322,93,1,0
BRDA:327,94,0,0
BRDA:327,94,1,NaN
BRDA:334,95,0,0
BRDA:334,95,1,0
BRDA:339,96,0,0
BRDA:339,96,1,0
BRDA:344,97,0,0
BRDA:344,97,1,NaN
BRDA:351,98,0,0
BRDA:351,98,1,0
BRDA:357,99,0,0
BRDA:357,99,1,0
BRDA:362,100,0,0
BRDA:362,100,1,NaN
BRDA:369,101,0,0
BRDA:369,101,1,0
BRDA:372,102,0,0
BRDA:372,102,1,0
BRDA:387,103,0,0
BRDA:387,103,1,0
BRDA:388,104,0,0
BRDA:388,104,1,0
BRF:211
BRH:0
end_of_record
TN:
SF:resources/js/components/compras/CompraList.vue
FN:537,(anonymous_0)
FN:539,(anonymous_1)
FN:543,crearDetalleVacio
FN:553,getProductoById
FN:554,(anonymous_4)
FN:557,formatDate
FN:566,getEstadoBadgeClass
FN:576,(anonymous_7)
FN:587,(anonymous_8)
FN:598,(anonymous_9)
FN:599,(anonymous_10)
FN:616,(anonymous_11)
FN:619,(anonymous_12)
FN:625,(anonymous_13)
FN:633,(anonymous_14)
FN:639,(anonymous_15)
FN:648,(anonymous_16)
FN:655,(anonymous_17)
FN:663,(anonymous_18)
FN:671,(anonymous_19)
FN:679,(anonymous_20)
FN:698,(anonymous_21)
FN:731,(anonymous_22)
FN:732,(anonymous_23)
FN:736,(anonymous_24)
FN:740,(anonymous_25)
FN:744,(anonymous_26)
FN:752,(anonymous_27)
FN:758,(anonymous_28)
FN:774,(anonymous_29)
FN:793,(anonymous_30)
FN:817,(anonymous_31)
FN:835,(anonymous_32)
FN:871,(anonymous_33)
FN:907,(anonymous_34)
FN:953,(anonymous_35)
FN:957,(anonymous_36)
FN:964,(anonymous_37)
FN:973,(anonymous_38)
FN:981,(anonymous_39)
FN:991,(anonymous_40)
FN:999,(anonymous_41)
FN:1001,(anonymous_42)
FN:1016,(anonymous_43)
FN:1038,(anonymous_44)
FN:1044,(anonymous_45)
FN:1051,(anonymous_46)
FN:19,(anonymous_47)
FN:89,(anonymous_48)
FN:100,(anonymous_49)
FN:105,(anonymous_50)
FN:129,(anonymous_51)
FN:148,(anonymous_52)
FN:163,(anonymous_53)
FN:178,(anonymous_54)
FN:191,(anonymous_55)
FN:202,(anonymous_56)
FN:217,(anonymous_57)
FN:230,(anonymous_58)
FN:263,(anonymous_59)
FN:267,(anonymous_60)
FN:268,(anonymous_61)
FN:272,(anonymous_62)
FN:287,(anonymous_63)
FN:289,(anonymous_64)
FN:299,(anonymous_65)
FN:301,(anonymous_66)
FN:310,(anonymous_67)
FN:313,(anonymous_68)
FN:323,(anonymous_69)
FN:445,(anonymous_70)
FNF:71
FNH:0
FNDA:0,(anonymous_0)
FNDA:0,(anonymous_1)
FNDA:0,crearDetalleVacio
FNDA:0,getProductoById
FNDA:0,(anonymous_4)
FNDA:0,formatDate
FNDA:0,getEstadoBadgeClass
FNDA:0,(anonymous_7)
FNDA:0,(anonymous_8)
FNDA:0,(anonymous_9)
FNDA:0,(anonymous_10)
FNDA:0,(anonymous_11)
FNDA:0,(anonymous_12)
FNDA:0,(anonymous_13)
FNDA:0,(anonymous_14)
FNDA:0,(anonymous_15)
FNDA:0,(anonymous_16)
FNDA:0,(anonymous_17)
FNDA:0,(anonymous_18)
FNDA:0,(anonymous_19)
FNDA:0,(anonymous_20)
FNDA:0,(anonymous_21)
FNDA:0,(anonymous_22)
FNDA:0,(anonymous_23)
FNDA:0,(anonymous_24)
FNDA:0,(anonymous_25)
FNDA:0,(anonymous_26)
FNDA:0,(anonymous_27)
FNDA:0,(anonymous_28)
FNDA:0,(anonymous_29)
FNDA:0,(anonymous_30)
FNDA:0,(anonymous_31)
FNDA:0,(anonymous_32)
FNDA:0,(anonymous_33)
FNDA:0,(anonymous_34)
FNDA:0,(anonymous_35)
FNDA:0,(anonymous_36)
FNDA:0,(anonymous_37)
FNDA:0,(anonymous_38)
FNDA:0,(anonymous_39)
FNDA:0,(anonymous_40)
FNDA:0,(anonymous_41)
FNDA:0,(anonymous_42)
FNDA:0,(anonymous_43)
FNDA:0,(anonymous_44)
FNDA:0,(anonymous_45)
FNDA:0,(anonymous_46)
FNDA:0,(anonymous_47)
FNDA:0,(anonymous_48)
FNDA:0,(anonymous_49)
FNDA:0,(anonymous_50)
FNDA:0,(anonymous_51)
FNDA:0,(anonymous_52)
FNDA:0,(anonymous_53)
FNDA:0,(anonymous_54)
FNDA:0,(anonymous_55)
FNDA:0,(anonymous_56)
FNDA:0,(anonymous_57)
FNDA:0,(anonymous_58)
FNDA:0,(anonymous_59)
FNDA:0,(anonymous_60)
FNDA:0,(anonymous_61)
FNDA:0,(anonymous_62)
FNDA:0,(anonymous_63)
FNDA:0,(anonymous_64)
FNDA:0,(anonymous_65)
FNDA:0,(anonymous_66)
FNDA:0,(anonymous_67)
FNDA:0,(anonymous_68)
FNDA:0,(anonymous_69)
FNDA:0,(anonymous_70)
DA:2,1
DA:4,1
DA:6,1
DA:7,1
DA:8,1
DA:16,1
DA:17,1
DA:19,0
DA:62,1
DA:63,1
DA:64,1
DA:65,1
DA:66,1
DA:75,1
DA:78,1
DA:84,1
DA:85,1
DA:87,1
DA:89,0
DA:93,1
DA:100,0
DA:104,0
DA:122,1
DA:129,0
DA:141,1
DA:148,0
DA:158,1
DA:163,0
DA:170,1
DA:178,0
DA:186,1
DA:191,0
DA:196,1
DA:202,0
DA:211,1
DA:217,0
DA:226,1
DA:230,0
DA:240,1
DA:249,1
DA:250,1
DA:251,1
DA:263,0
DA:267,0
DA:268,0
DA:271,0
DA:287,0
DA:289,0
DA:293,1
DA:299,0
DA:301,0
DA:310,0
DA:313,0
DA:316,1
DA:319,1
DA:323,0
DA:349,1
DA:355,1
DA:356,1
DA:357,1
DA:358,1
DA:367,1
DA:368,1
DA:373,1
DA:374,1
DA:378,1
DA:380,1
DA:381,1
DA:392,1
DA:408,1
DA:409,1
DA:418,1
DA:419,1
DA:424,1
DA:435,1
DA:445,0
DA:447,1
DA:448,1
DA:449,1
DA:455,1
DA:459,1
DA:463,1
DA:465,1
DA:467,1
DA:475,1
DA:493,0
DA:496,0
DA:497,0
DA:498,0
DA:499,0
DA:500,0
DA:501,0
DA:502,0
DA:503,0
DA:506,0
DA:511,0
DA:526,0
DA:529,0
DA:537,0
DA:538,0
DA:539,0
DA:544,0
DA:554,0
DA:558,0
DA:559,0
DA:567,0
DA:572,0
DA:576,0
DA:577,0
DA:578,0
DA:579,0
DA:580,0
DA:583,0
DA:587,0
DA:588,0
DA:589,0
DA:590,0
DA:591,0
DA:594,0
DA:598,0
DA:599,0
DA:600,0
DA:601,0
DA:602,0
DA:603,0
DA:606,0
DA:607,0
DA:610,0
DA:617,0
DA:620,0
DA:621,0
DA:623,0
DA:626,0
DA:634,0
DA:640,0
DA:642,0
DA:649,0
DA:656,0
DA:657,0
DA:664,0
DA:672,0
DA:680,0
DA:685,0
DA:690,0
DA:699,0
DA:705,0
DA:706,0
DA:718,0
DA:719,0
DA:732,0
DA:733,0
DA:736,0
DA:737,0
DA:740,0
DA:741,0
DA:744,0
DA:745,0
DA:752,0
DA:753,0
DA:754,0
DA:758,0
DA:759,0
DA:760,0
DA:761,0
DA:764,0
DA:765,0
DA:766,0
DA:767,0
DA:770,0
DA:774,0
DA:775,0
DA:776,0
DA:778,0
DA:779,0
DA:781,0
DA:793,0
DA:802,0
DA:803,0
DA:804,0
DA:805,0
DA:808,0
DA:809,0
DA:817,0
DA:818,0
DA:819,0
DA:820,0
DA:821,0
DA:824,0
DA:825,0
DA:826,0
DA:828,0
DA:831,0
DA:835,0
DA:836,0
DA:847,0
DA:848,0
DA:849,0
DA:851,0
DA:852,0
DA:859,0
DA:862,0
DA:871,0
DA:872,0
DA:883,0
DA:884,0
DA:885,0
DA:887,0
DA:888,0
DA:895,0
DA:898,0
DA:907,0
DA:908,0
DA:909,0
DA:910,0
DA:912,0
DA:916,0
DA:918,0
DA:920,0
DA:921,0
DA:929,0
DA:930,0
DA:933,0
DA:934,0
DA:935,0
DA:936,0
DA:942,0
DA:949,0
DA:953,0
DA:954,0
DA:957,0
DA:958,0
DA:959,0
DA:960,0
DA:964,0
DA:966,0
DA:967,0
DA:968,0
DA:969,0
DA:973,0
DA:974,0
DA:975,0
DA:977,0
DA:981,0
DA:982,0
DA:983,0
DA:985,0
DA:986,0
DA:987,0
DA:991,0
DA:992,0
DA:993,0
DA:994,0
DA:995,0
DA:996,0
DA:999,0
DA:1001,0
DA:1004,0
DA:1007,0
DA:1010,0
DA:1013,0
DA:1016,0
DA:1017,0
DA:1031,0
DA:1032,0
DA:1033,0
DA:1034,0
DA:1035,0
DA:1038,0
DA:1039,0
DA:1040,0
DA:1041,0
DA:1044,0
DA:1045,0
DA:1046,0
DA:1051,0
DA:1052,0
DA:1053,0
LF:277
LH:61
BRDA:538,0,0,0
BRDA:538,0,1,0
BRDA:558,1,0,0
BRDA:558,1,1,0
BRDA:572,2,0,0
BRDA:572,2,1,0
BRDA:579,3,0,0
BRDA:579,3,1,0
BRDA:590,4,0,0
BRDA:590,4,1,0
BRDA:600,5,0,0
BRDA:600,5,1,0
BRDA:600,6,0,0
BRDA:600,6,1,0
BRDA:600,6,2,0
BRDA:606,7,0,0
BRDA:606,7,1,0
BRDA:620,8,0,0
BRDA:620,8,1,0
BRDA:621,9,0,0
BRDA:621,9,1,0
BRDA:640,10,0,0
BRDA:640,10,1,0
BRDA:641,11,0,0
BRDA:641,11,1,0
BRDA:641,12,0,0
BRDA:641,12,1,0
BRDA:656,13,0,0
BRDA:656,13,1,0
BRDA:664,14,0,0
BRDA:664,14,1,0
BRDA:705,15,0,0
BRDA:705,15,1,0
BRDA:753,16,0,0
BRDA:753,16,1,0
BRDA:766,17,0,0
BRDA:766,17,1,0
BRDA:778,18,0,0
BRDA:778,18,1,0
BRDA:787,19,0,0
BRDA:787,19,1,0
BRDA:789,20,0,0
BRDA:789,20,1,0
BRDA:790,21,0,0
BRDA:790,21,1,0
BRDA:791,22,0,0
BRDA:791,22,1,0
BRDA:792,23,0,0
BRDA:792,23,1,0
BRDA:797,24,0,0
BRDA:797,24,1,0
BRDA:812,25,0,0
BRDA:812,25,1,0
BRDA:820,26,0,0
BRDA:820,26,1,0
BRDA:824,27,0,0
BRDA:824,27,1,0
BRDA:847,28,0,0
BRDA:847,28,1,0
BRDA:851,29,0,0
BRDA:851,29,1,0
BRDA:865,30,0,0
BRDA:865,30,1,0
BRDA:883,31,0,0
BRDA:883,31,1,0
BRDA:887,32,0,0
BRDA:887,32,1,0
BRDA:901,33,0,0
BRDA:901,33,1,0
BRDA:912,34,0,0
BRDA:912,34,1,0
BRDA:916,35,0,0
BRDA:916,35,1,0
BRDA:920,36,0,0
BRDA:920,36,1,0
BRDA:934,37,0,0
BRDA:934,37,1,0
BRDA:935,38,0,0
BRDA:935,38,1,0
BRDA:945,39,0,0
BRDA:945,39,1,0
BRDA:958,40,0,0
BRDA:958,40,1,0
BRDA:966,41,0,0
BRDA:966,41,1,0
BRDA:966,42,0,0
BRDA:966,42,1,0
BRDA:966,42,2,0
BRDA:974,43,0,0
BRDA:974,43,1,0
BRDA:985,44,0,0
BRDA:985,44,1,0
BRDA:1001,45,0,0
BRDA:1001,45,1,0
BRDA:1045,46,0,0
BRDA:1045,46,1,0
BRDA:9,47,0,0
BRDA:9,47,1,0
BRDA:19,48,0,0
BRDA:19,48,1,0
BRDA:67,49,0,0
BRDA:67,49,1,0
BRDA:68,50,0,0
BRDA:68,50,1,0
BRDA:79,51,0,0
BRDA:79,51,1,0
BRDA:88,52,0,0
BRDA:88,52,1,0
BRDA:89,53,0,0
BRDA:89,53,1,0
BRDA:94,54,0,0
BRDA:94,54,1,0
BRDA:100,55,0,0
BRDA:100,55,1,0
BRDA:103,56,0,0
BRDA:103,56,1,0
BRDA:112,57,0,0
BRDA:112,57,1,NaN
BRDA:115,58,0,0
BRDA:115,58,1,NaN
BRDA:123,59,0,0
BRDA:123,59,1,0
BRDA:129,60,0,0
BRDA:129,60,1,0
BRDA:135,61,0,0
BRDA:135,61,1,NaN
BRDA:142,62,0,0
BRDA:142,62,1,0
BRDA:148,63,0,0
BRDA:148,63,1,0
BRDA:159,64,0,0
BRDA:159,64,1,0
BRDA:163,65,0,0
BRDA:163,65,1,0
BRDA:171,66,0,0
BRDA:171,66,1,0
BRDA:178,67,0,0
BRDA:178,67,1,0
BRDA:180,68,0,0
BRDA:180,68,1,NaN
BRDA:187,69,0,0
BRDA:187,69,1,0
BRDA:191,70,0,0
BRDA:191,70,1,0
BRDA:197,71,0,0
BRDA:197,71,1,0
BRDA:202,72,0,0
BRDA:202,72,1,0
BRDA:212,73,0,0
BRDA:212,73,1,0
BRDA:217,74,0,0
BRDA:217,74,1,0
BRDA:227,75,0,0
BRDA:227,75,1,0
BRDA:230,76,0,0
BRDA:230,76,1,0
BRDA:242,77,0,0
BRDA:242,77,1,0
BRDA:252,78,0,0
BRDA:252,78,1,0
BRDA:270,79,0,0
BRDA:270,79,1,0
BRDA:279,80,0,0
BRDA:279,80,1,NaN
BRDA:294,81,0,0
BRDA:294,81,1,0
BRDA:317,82,0,0
BRDA:317,82,1,0
BRDA:330,83,0,0
BRDA:330,83,1,NaN
BRDA:335,84,0,0
BRDA:335,84,1,0
BRDA:341,85,0,0
BRDA:341,85,1,NaN
BRDA:342,86,0,0
BRDA:342,86,1,0
BRDA:350,87,0,0
BRDA:350,87,1,0
BRDA:361,88,0,0
BRDA:361,88,1,0
BRDA:367,89,0,0
BRDA:367,89,1,0
BRDA:373,90,0,0
BRDA:373,90,1,0
BRDA:379,91,0,0
BRDA:379,91,1,0
BRDA:397,92,0,0
BRDA:397,92,1,0
BRDA:398,93,0,0
BRDA:398,93,1,0
BRDA:410,94,0,0
BRDA:410,94,1,0
BRDA:416,95,0,0
BRDA:416,95,1,NaN
BRDA:420,96,0,0
BRDA:420,96,1,0
BRDA:421,97,0,0
BRDA:421,97,1,0
BRDA:421,98,0,0
BRDA:421,98,1,0
BRDA:422,99,0,0
BRDA:422,99,1,0
BRDA:425,100,0,0
BRDA:425,100,1,0
BRDA:426,101,0,0
BRDA:426,101,1,0
BRDA:428,102,0,0
BRDA:428,102,1,0
BRDA:436,103,0,0
BRDA:436,103,1,0
BRDA:454,104,0,0
BRDA:454,104,1,0
BRDA:458,105,0,0
BRDA:458,105,1,0
BRDA:462,106,0,0
BRDA:462,106,1,0
BRDA:466,107,0,0
BRDA:466,107,1,0
BRDA:473,108,0,0
BRDA:473,108,1,NaN
BRDA:474,109,0,0
BRDA:474,109,1,0
BRDA:478,110,0,0
BRDA:478,110,1,0
BRF:224
BRH:0
end_of_record
TN:
SF:resources/js/components/dashboard/DashboardPro.vue
FN:288,(anonymous_0)
FN:293,(anonymous_1)
FN:306,(anonymous_2)
FN:313,(anonymous_3)
FN:318,(anonymous_4)
FN:147,(anonymous_5)
FN:188,(anonymous_6)
FN:222,(anonymous_7)
FN:253,(anonymous_8)
FNF:9
FNH:0
FNDA:0,(anonymous_0)
FNDA:0,(anonymous_1)
FNDA:0,(anonymous_2)
FNDA:0,(anonymous_3)
FNDA:0,(anonymous_4)
FNDA:0,(anonymous_5)
FNDA:0,(anonymous_6)
FNDA:0,(anonymous_7)
FNDA:0,(anonymous_8)
DA:2,1
DA:13,1
DA:14,1
DA:15,1
DA:16,1
DA:20,1
DA:21,1
DA:32,1
DA:33,1
DA:34,1
DA:38,1
DA:39,1
DA:49,1
DA:50,1
DA:51,1
DA:55,1
DA:56,1
DA:66,1
DA:67,1
DA:68,1
DA:72,1
DA:73,1
DA:86,1
DA:87,1
DA:88,1
DA:92,1
DA:98,1
DA:99,1
DA:103,1
DA:109,1
DA:110,1
DA:114,1
DA:123,1
DA:125,1
DA:127,1
DA:128,1
DA:133,1
DA:135,1
DA:136,1
DA:137,1
DA:147,0
DA:152,1
DA:153,1
DA:170,1
DA:177,1
DA:178,1
DA:179,1
DA:188,0
DA:193,1
DA:211,1
DA:213,1
DA:220,1
DA:221,1
DA:222,0
DA:228,1
DA:230,1
DA:244,1
DA:251,1
DA:252,1
DA:253,0
DA:256,1
DA:257,1
DA:258,1
DA:260,1
DA:262,1
DA:284,0
DA:285,0
DA:288,0
DA:289,0
DA:293,0
DA:294,0
DA:295,0
DA:296,0
DA:297,0
DA:300,0
DA:302,0
DA:306,0
DA:307,0
DA:313,0
DA:314,0
DA:315,0
DA:318,0
DA:319,0
LF:83
LH:61
BRDA:296,0,0,0
BRDA:296,0,1,0
BRDA:310,1,0,0
BRDA:310,1,1,0
BRDA:315,2,0,0
BRDA:315,2,1,0
BRDA:4,3,0,0
BRDA:4,3,1,0
BRDA:9,4,0,0
BRDA:9,4,1,0
BRDA:17,5,0,0
BRDA:17,5,1,0
BRDA:21,6,0,0
BRDA:21,6,1,0
BRDA:22,7,0,0
BRDA:22,7,1,0
BRDA:23,8,0,0
BRDA:23,8,1,0
BRDA:24,9,0,0
BRDA:24,9,1,0
BRDA:25,10,0,0
BRDA:25,10,1,0
BRDA:35,11,0,0
BRDA:35,11,1,0
BRDA:39,12,0,0
BRDA:39,12,1,0
BRDA:40,13,0,0
BRDA:40,13,1,0
BRDA:41,14,0,0
BRDA:41,14,1,0
BRDA:52,15,0,0
BRDA:52,15,1,0
BRDA:56,16,0,0
BRDA:56,16,1,0
BRDA:57,17,0,0
BRDA:57,17,1,0
BRDA:58,18,0,0
BRDA:58,18,1,0
BRDA:58,19,0,0
BRDA:58,19,1,0
BRDA:59,20,0,0
BRDA:59,20,1,0
BRDA:59,21,0,0
BRDA:59,21,1,0
BRDA:69,22,0,0
BRDA:69,22,1,0
BRDA:73,23,0,0
BRDA:73,23,1,0
BRDA:74,24,0,0
BRDA:74,24,1,0
BRDA:75,25,0,0
BRDA:75,25,1,0
BRDA:75,26,0,0
BRDA:75,26,1,0
BRDA:76,27,0,0
BRDA:76,27,1,NaN
BRDA:76,28,0,0
BRDA:76,28,1,0
BRDA:77,29,0,0
BRDA:77,29,1,0
BRDA:89,30,0,0
BRDA:89,30,1,0
BRDA:93,31,0,0
BRDA:93,31,1,0
BRDA:94,32,0,0
BRDA:94,32,1,0
BRDA:100,33,0,0
BRDA:100,33,1,0
BRDA:104,34,0,0
BRDA:104,34,1,0
BRDA:105,35,0,0
BRDA:105,35,1,0
BRDA:111,36,0,0
BRDA:111,36,1,0
BRDA:115,37,0,0
BRDA:115,37,1,0
BRDA:116,38,0,0
BRDA:116,38,1,0
BRDA:129,39,0,0
BRDA:129,39,1,0
BRDA:138,40,0,0
BRDA:138,40,1,0
BRDA:147,41,0,0
BRDA:147,41,1,0
BRDA:157,42,0,0
BRDA:157,42,1,NaN
BRDA:162,43,0,0
BRDA:162,43,1,0
BRDA:171,44,0,0
BRDA:171,44,1,0
BRDA:180,45,0,0
BRDA:180,45,1,0
BRDA:188,46,0,0
BRDA:188,46,1,0
BRDA:197,47,0,0
BRDA:197,47,1,NaN
BRDA:202,48,0,0
BRDA:202,48,1,0
BRDA:214,49,0,0
BRDA:214,49,1,0
BRDA:222,50,0,0
BRDA:222,50,1,0
BRDA:227,51,0,0
BRDA:227,51,1,0
BRDA:232,52,0,0
BRDA:232,52,1,NaN
BRDA:238,53,0,0
BRDA:238,53,1,0
BRDA:245,54,0,0
BRDA:245,54,1,0
BRDA:253,55,0,0
BRDA:253,55,1,0
BRDA:261,56,0,0
BRDA:261,56,1,0
BRDA:265,57,0,0
BRDA:265,57,1,NaN
BRDA:269,58,0,0
BRDA:269,58,1,0
BRF:118
BRH:0
end_of_record
TN:
SF:resources/js/components/permisos/PermisoList.vue
FN:182,(anonymous_0)
FN:193,(anonymous_1)
FN:194,(anonymous_2)
FN:210,(anonymous_3)
FN:213,(anonymous_4)
FN:221,(anonymous_5)
FN:227,(anonymous_6)
FN:234,(anonymous_7)
FN:240,(anonymous_8)
FN:249,(anonymous_9)
FN:268,(anonymous_10)
FN:269,(anonymous_11)
FN:273,(anonymous_12)
FN:281,(anonymous_13)
FN:287,(anonymous_14)
FN:291,(anonymous_15)
FN:297,(anonymous_16)
FN:322,(anonymous_17)
FN:360,(anonymous_18)
FN:395,(anonymous_19)
FN:406,(anonymous_20)
FN:412,(anonymous_21)
FN:18,(anonymous_22)
FN:20,(anonymous_23)
FN:80,(anonymous_24)
FN:97,(anonymous_25)
FN:112,(anonymous_26)
FN:115,(anonymous_27)
FN:127,(anonymous_28)
FNF:29
FNH:0
FNDA:0,(anonymous_0)
FNDA:0,(anonymous_1)
FNDA:0,(anonymous_2)
FNDA:0,(anonymous_3)
FNDA:0,(anonymous_4)
FNDA:0,(anonymous_5)
FNDA:0,(anonymous_6)
FNDA:0,(anonymous_7)
FNDA:0,(anonymous_8)
FNDA:0,(anonymous_9)
FNDA:0,(anonymous_10)
FNDA:0,(anonymous_11)
FNDA:0,(anonymous_12)
FNDA:0,(anonymous_13)
FNDA:0,(anonymous_14)
FNDA:0,(anonymous_15)
FNDA:0,(anonymous_16)
FNDA:0,(anonymous_17)
FNDA:0,(anonymous_18)
FNDA:0,(anonymous_19)
FNDA:0,(anonymous_20)
FNDA:0,(anonymous_21)
FNDA:0,(anonymous_22)
FNDA:0,(anonymous_23)
FNDA:0,(anonymous_24)
FNDA:0,(anonymous_25)
FNDA:0,(anonymous_26)
FNDA:0,(anonymous_27)
FNDA:0,(anonymous_28)
DA:2,1
DA:4,1
DA:6,1
DA:7,1
DA:8,1
DA:16,1
DA:17,1
DA:18,0
DA:20,0
DA:56,1
DA:57,1
DA:58,1
DA:59,1
DA:60,1
DA:69,1
DA:71,1
DA:72,1
DA:80,0
DA:89,1
DA:97,0
DA:105,1
DA:112,0
DA:115,0
DA:123,1
DA:127,0
DA:135,1
DA:156,0
DA:159,0
DA:160,0
DA:161,0
DA:162,0
DA:163,0
DA:166,0
DA:171,0
DA:179,0
DA:182,0
DA:183,0
DA:184,0
DA:185,0
DA:186,0
DA:189,0
DA:193,0
DA:194,0
DA:195,0
DA:196,0
DA:197,0
DA:200,0
DA:201,0
DA:204,0
DA:211,0
DA:214,0
DA:222,0
DA:228,0
DA:235,0
DA:241,0
DA:250,0
DA:269,0
DA:270,0
DA:273,0
DA:274,0
DA:281,0
DA:282,0
DA:283,0
DA:287,0
DA:288,0
DA:291,0
DA:292,0
DA:293,0
DA:294,0
DA:297,0
DA:298,0
DA:299,0
DA:300,0
DA:301,0
DA:302,0
DA:309,0
DA:310,0
DA:311,0
DA:314,0
DA:322,0
DA:323,0
DA:324,0
DA:326,0
DA:327,0
DA:330,0
DA:332,0
DA:334,0
DA:335,0
DA:342,0
DA:343,0
DA:346,0
DA:347,0
DA:349,0
DA:356,0
DA:360,0
DA:361,0
DA:372,0
DA:373,0
DA:374,0
DA:375,0
DA:376,0
DA:383,0
DA:386,0
DA:395,0
DA:396,0
DA:403,0
DA:406,0
DA:407,0
DA:408,0
DA:409,0
DA:412,0
DA:413,0
DA:414,0
LF:113
LH:19
BRDA:185,0,0,0
BRDA:185,0,1,0
BRDA:195,1,0,0
BRDA:195,1,1,0
BRDA:195,2,0,0
BRDA:195,2,1,0
BRDA:195,2,2,0
BRDA:200,3,0,0
BRDA:200,3,1,0
BRDA:214,4,0,0
BRDA:214,4,1,0
BRDA:214,5,0,0
BRDA:214,5,1,0
BRDA:241,6,0,0
BRDA:241,6,1,0
BRDA:241,7,0,0
BRDA:241,7,1,0
BRDA:282,8,0,0
BRDA:282,8,1,0
BRDA:300,9,0,0
BRDA:300,9,1,0
BRDA:307,10,0,0
BRDA:307,10,1,0
BRDA:317,11,0,0
BRDA:317,11,1,0
BRDA:327,12,0,0
BRDA:327,12,1,0
BRDA:330,13,0,0
BRDA:330,13,1,0
BRDA:334,14,0,0
BRDA:334,14,1,0
BRDA:346,15,0,0
BRDA:346,15,1,0
BRDA:352,16,0,0
BRDA:352,16,1,0
BRDA:372,17,0,0
BRDA:372,17,1,0
BRDA:375,18,0,0
BRDA:375,18,1,0
BRDA:389,19,0,0
BRDA:389,19,1,0
BRDA:9,20,0,0
BRDA:9,20,1,0
BRDA:18,21,0,0
BRDA:18,21,1,0
BRDA:19,22,0,0
BRDA:19,22,1,0
BRDA:37,23,0,0
BRDA:37,23,1,0
BRDA:61,24,0,0
BRDA:61,24,1,0
BRDA:62,25,0,0
BRDA:62,25,1,0
BRDA:73,26,0,0
BRDA:73,26,1,0
BRDA:80,27,0,0
BRDA:80,27,1,0
BRDA:84,28,0,0
BRDA:84,28,1,NaN
BRDA:87,29,0,0
BRDA:87,29,1,0
BRDA:90,30,0,0
BRDA:90,30,1,0
BRDA:97,31,0,0
BRDA:97,31,1,0
BRDA:101,32,0,0
BRDA:101,32,1,NaN
BRDA:106,33,0,0
BRDA:106,33,1,0
BRDA:112,34,0,0
BRDA:112,34,1,0
BRDA:114,35,0,0
BRDA:114,35,1,0
BRDA:119,36,0,0
BRDA:119,36,1,NaN
BRDA:124,37,0,0
BRDA:124,37,1,0
BRDA:127,38,0,0
BRDA:127,38,1,0
BRDA:140,39,0,0
BRDA:140,39,1,0
BRDA:141,40,0,0
BRDA:141,40,1,0
BRF:83
BRH:0
end_of_record
TN:
SF:resources/js/components/productos/ProductoList.vue
FN:343,(anonymous_0)
FN:344,(anonymous_1)
FN:355,(anonymous_2)
FN:361,(anonymous_3)
FN:374,(anonymous_4)
FN:380,(anonymous_5)
FN:390,(anonymous_6)
FN:398,(anonymous_7)
FN:406,(anonymous_8)
FN:414,(anonymous_9)
FN:427,(anonymous_10)
FN:440,(anonymous_11)
FN:468,(anonymous_12)
FN:469,(anonymous_13)
FN:474,(anonymous_14)
FN:484,(anonymous_15)
FN:503,(anonymous_16)
FN:504,(anonymous_17)
FN:525,(anonymous_18)
FN:536,(anonymous_19)
FN:539,(anonymous_20)
FN:547,(anonymous_21)
FN:559,(anonymous_22)
FN:570,(anonymous_23)
FN:581,(anonymous_24)
FN:589,(anonymous_25)
FN:597,(anonymous_26)
FN:622,(anonymous_27)
FN:655,(anonymous_28)
FN:670,(anonymous_29)
FN:737,(anonymous_30)
FN:775,(anonymous_31)
FN:805,(anonymous_32)
FN:812,(anonymous_33)
FN:816,(anonymous_34)
FN:83,(anonymous_35)
FN:110,(anonymous_36)
FN:142,(anonymous_37)
FN:166,(anonymous_38)
FN:188,(anonymous_39)
FN:213,(anonymous_40)
FN:229,(anonymous_41)
FN:247,(anonymous_42)
FNF:43
FNH:0
FNDA:0,(anonymous_0)
FNDA:0,(anonymous_1)
FNDA:0,(anonymous_2)
FNDA:0,(anonymous_3)
FNDA:0,(anonymous_4)
FNDA:0,(anonymous_5)
FNDA:0,(anonymous_6)
FNDA:0,(anonymous_7)
FNDA:0,(anonymous_8)
FNDA:0,(anonymous_9)
FNDA:0,(anonymous_10)
FNDA:0,(anonymous_11)
FNDA:0,(anonymous_12)
FNDA:0,(anonymous_13)
FNDA:0,(anonymous_14)
FNDA:0,(anonymous_15)
FNDA:0,(anonymous_16)
FNDA:0,(anonymous_17)
FNDA:0,(anonymous_18)
FNDA:0,(anonymous_19)
FNDA:0,(anonymous_20)
FNDA:0,(anonymous_21)
FNDA:0,(anonymous_22)
FNDA:0,(anonymous_23)
FNDA:0,(anonymous_24)
FNDA:0,(anonymous_25)
FNDA:0,(anonymous_26)
FNDA:0,(anonymous_27)
FNDA:0,(anonymous_28)
FNDA:0,(anonymous_29)
FNDA:0,(anonymous_30)
FNDA:0,(anonymous_31)
FNDA:0,(anonymous_32)
FNDA:0,(anonymous_33)
FNDA:0,(anonymous_34)
FNDA:0,(anonymous_35)
FNDA:0,(anonymous_36)
FNDA:0,(anonymous_37)
FNDA:0,(anonymous_38)
FNDA:0,(anonymous_39)
FNDA:0,(anonymous_40)
FNDA:0,(anonymous_41)
FNDA:0,(anonymous_42)
DA:2,1
DA:4,1
DA:55,1
DA:56,1
DA:57,1
DA:58,1
DA:59,1
DA:68,1
DA:70,1
DA:72,1
DA:74,1
DA:78,1
DA:83,0
DA:102,1
DA:110,0
DA:120,1
DA:137,1
DA:142,0
DA:153,1
DA:155,1
DA:159,1
DA:166,0
DA:177,1
DA:181,1
DA:188,0
DA:204,1
DA:205,1
DA:213,0
DA:221,1
DA:229,0
DA:240,1
DA:247,0
DA:265,1
DA:290,1
DA:315,0
DA:316,0
DA:317,0
DA:318,0
DA:319,0
DA:320,0
DA:321,0
DA:322,0
DA:323,0
DA:326,0
DA:340,0
DA:343,0
DA:344,0
DA:345,0
DA:346,0
DA:349,0
DA:356,0
DA:357,0
DA:359,0
DA:362,0
DA:363,0
DA:375,0
DA:381,0
DA:391,0
DA:399,0
DA:407,0
DA:415,0
DA:416,0
DA:417,0
DA:418,0
DA:428,0
DA:429,0
DA:431,0
DA:441,0
DA:449,0
DA:469,0
DA:470,0
DA:471,0
DA:474,0
DA:475,0
DA:476,0
DA:477,0
DA:484,0
DA:485,0
DA:486,0
DA:490,0
DA:491,0
DA:494,0
DA:495,0
DA:503,0
DA:504,0
DA:506,0
DA:507,0
DA:508,0
DA:510,0
DA:515,0
DA:516,0
DA:517,0
DA:521,0
DA:522,0
DA:523,0
DA:525,0
DA:526,0
DA:530,0
DA:531,0
DA:537,0
DA:540,0
DA:547,0
DA:548,0
DA:551,0
DA:554,0
DA:559,0
DA:560,0
DA:561,0
DA:562,0
DA:563,0
DA:566,0
DA:570,0
DA:571,0
DA:572,0
DA:574,0
DA:575,0
DA:577,0
DA:581,0
DA:582,0
DA:583,0
DA:584,0
DA:585,0
DA:589,0
DA:590,0
DA:591,0
DA:592,0
DA:593,0
DA:597,0
DA:598,0
DA:611,0
DA:612,0
DA:613,0
DA:614,0
DA:615,0
DA:617,0
DA:618,0
DA:619,0
DA:622,0
DA:623,0
DA:624,0
DA:626,0
DA:627,0
DA:628,0
DA:642,0
DA:643,0
DA:645,0
DA:648,0
DA:649,0
DA:650,0
DA:652,0
DA:653,0
DA:655,0
DA:656,0
DA:657,0
DA:661,0
DA:662,0
DA:670,0
DA:671,0
DA:672,0
DA:673,0
DA:675,0
DA:676,0
DA:677,0
DA:678,0
DA:679,0
DA:680,0
DA:681,0
DA:682,0
DA:683,0
DA:684,0
DA:686,0
DA:687,0
DA:690,0
DA:691,0
DA:694,0
DA:698,0
DA:704,0
DA:705,0
DA:713,0
DA:714,0
DA:717,0
DA:718,0
DA:719,0
DA:720,0
DA:726,0
DA:733,0
DA:737,0
DA:738,0
DA:749,0
DA:750,0
DA:751,0
DA:753,0
DA:754,0
DA:762,0
DA:765,0
DA:766,0
DA:775,0
DA:776,0
DA:777,0
DA:778,0
DA:791,0
DA:792,0
DA:793,0
DA:795,0
DA:796,0
DA:797,0
DA:798,0
DA:800,0
DA:805,0
DA:806,0
DA:807,0
DA:812,0
DA:813,0
DA:816,0
DA:817,0
DA:818,0
DA:819,0
DA:821,0
LF:218
LH:26
BRDA:345,0,0,0
BRDA:345,0,1,0
BRDA:356,1,0,0
BRDA:356,1,1,0
BRDA:357,2,0,0
BRDA:357,2,1,0
BRDA:383,3,0,0
BRDA:383,3,1,0
BRDA:391,4,0,0
BRDA:391,4,1,0
BRDA:416,5,0,0
BRDA:416,5,1,0
BRDA:417,6,0,0
BRDA:417,6,1,0
BRDA:428,7,0,0
BRDA:428,7,1,0
BRDA:441,8,0,0
BRDA:441,8,1,0
BRDA:490,9,0,0
BRDA:490,9,1,0
BRDA:506,10,0,0
BRDA:506,10,1,0
BRDA:515,11,0,0
BRDA:515,11,1,0
BRDA:515,12,0,0
BRDA:515,12,1,0
BRDA:562,13,0,0
BRDA:562,13,1,0
BRDA:571,14,0,0
BRDA:571,14,1,0
BRDA:572,15,0,0
BRDA:572,15,1,0
BRDA:574,16,0,0
BRDA:574,16,1,0
BRDA:583,17,0,0
BRDA:583,17,1,0
BRDA:592,18,0,0
BRDA:592,18,1,0
BRDA:626,19,0,0
BRDA:626,19,1,0
BRDA:632,20,0,0
BRDA:632,20,1,0
BRDA:642,21,0,0
BRDA:642,21,1,0
BRDA:665,22,0,0
BRDA:665,22,1,0
BRDA:678,23,0,0
BRDA:678,23,1,0
BRDA:686,24,0,0
BRDA:686,24,1,0
BRDA:686,25,0,0
BRDA:686,25,1,0
BRDA:690,26,0,0
BRDA:690,26,1,0
BRDA:694,27,0,0
BRDA:694,27,1,0
BRDA:704,28,0,0
BRDA:704,28,1,0
BRDA:718,29,0,0
BRDA:718,29,1,0
BRDA:719,30,0,0
BRDA:719,30,1,0
BRDA:729,31,0,0
BRDA:729,31,1,0
BRDA:739,32,0,0
BRDA:739,32,1,0
BRDA:740,33,0,0
BRDA:740,33,1,0
BRDA:743,34,0,0
BRDA:743,34,1,0
BRDA:745,35,0,0
BRDA:745,35,1,0
BRDA:749,36,0,0
BRDA:749,36,1,0
BRDA:753,37,0,0
BRDA:753,37,1,0
BRDA:769,38,0,0
BRDA:769,38,1,0
BRDA:795,39,0,0
BRDA:795,39,1,0
BRDA:806,40,0,0
BRDA:806,40,1,0
BRDA:817,41,0,0
BRDA:817,41,1,0
BRDA:9,42,0,0
BRDA:9,42,1,0
BRDA:60,43,0,0
BRDA:60,43,1,0
BRDA:61,44,0,0
BRDA:61,44,1,0
BRDA:75,45,0,0
BRDA:75,45,1,0
BRDA:83,46,0,0
BRDA:83,46,1,0
BRDA:95,47,0,0
BRDA:95,47,1,NaN
BRDA:103,48,0,0
BRDA:103,48,1,0
BRDA:110,49,0,0
BRDA:110,49,1,0
BRDA:114,50,0,0
BRDA:114,50,1,NaN
BRDA:121,51,0,0
BRDA:121,51,1,0
BRDA:131,52,0,0
BRDA:131,52,1,NaN
BRDA:138,53,0,0
BRDA:138,53,1,0
BRDA:142,54,0,0
BRDA:142,54,1,0
BRDA:146,55,0,0
BRDA:146,55,1,NaN
BRDA:156,56,0,0
BRDA:156,56,1,0
BRDA:160,57,0,0
BRDA:160,57,1,0
BRDA:166,58,0,0
BRDA:166,58,1,0
BRDA:170,59,0,0
BRDA:170,59,1,NaN
BRDA:178,60,0,0
BRDA:178,60,1,0
BRDA:182,61,0,0
BRDA:182,61,1,0
BRDA:188,62,0,0
BRDA:188,62,1,0
BRDA:192,63,0,0
BRDA:192,63,1,NaN
BRDA:196,64,0,0
BRDA:196,64,1,NaN
BRDA:196,65,0,0
BRDA:196,65,1,0
BRDA:197,66,0,0
BRDA:197,66,1,0
BRDA:206,67,0,0
BRDA:206,67,1,0
BRDA:213,68,0,0
BRDA:213,68,1,0
BRDA:217,69,0,0
BRDA:217,69,1,NaN
BRDA:222,70,0,0
BRDA:222,70,1,0
BRDA:229,71,0,0
BRDA:229,71,1,0
BRDA:233,72,0,0
BRDA:233,72,1,NaN
BRDA:241,73,0,0
BRDA:241,73,1,0
BRDA:247,74,0,0
BRDA:247,74,1,0
BRDA:259,75,0,0
BRDA:259,75,1,NaN
BRDA:266,76,0,0
BRDA:266,76,1,0
BRDA:275,77,0,0
BRDA:275,77,1,NaN
BRDA:279,78,0,0
BRDA:279,78,1,NaN
BRDA:295,79,0,0
BRDA:295,79,1,0
BRDA:296,80,0,0
BRDA:296,80,1,0
BRF:162
BRH:0
end_of_record
TN:
SF:resources/js/components/proveedores/ProveedorList.vue
FN:667,(anonymous_0)
FN:671,(anonymous_1)
FN:681,(anonymous_2)
FN:692,(anonymous_3)
FN:693,(anonymous_4)
FN:710,(anonymous_5)
FN:716,(anonymous_6)
FN:729,(anonymous_7)
FN:735,(anonymous_8)
FN:752,(anonymous_9)
FN:762,(anonymous_10)
FN:776,(anonymous_11)
FN:795,(anonymous_12)
FN:838,(anonymous_13)
FN:851,(anonymous_14)
FN:882,(anonymous_15)
FN:885,(anonymous_16)
FN:892,(anonymous_17)
FN:902,(anonymous_18)
FN:911,(anonymous_19)
FN:954,(anonymous_20)
FN:1010,(anonymous_21)
FN:1058,(anonymous_22)
FN:1102,(anonymous_23)
FN:1135,(anonymous_24)
FN:1142,(anonymous_25)
FN:119,(anonymous_26)
FN:181,(anonymous_27)
FN:208,(anonymous_28)
FN:236,(anonymous_29)
FN:257,(anonymous_30)
FN:276,(anonymous_31)
FN:290,(anonymous_32)
FN:304,(anonymous_33)
FN:316,(anonymous_34)
FN:330,(anonymous_35)
FN:357,(anonymous_36)
FN:374,(anonymous_37)
FN:398,(anonymous_38)
FN:411,(anonymous_39)
FN:456,(anonymous_40)
FN:487,(anonymous_41)
FN:501,(anonymous_42)
FN:514,(anonymous_43)
FN:541,(anonymous_44)
FN:553,(anonymous_45)
FN:581,(anonymous_46)
FNF:47
FNH:0
FNDA:0,(anonymous_0)
FNDA:0,(anonymous_1)
FNDA:0,(anonymous_2)
FNDA:0,(anonymous_3)
FNDA:0,(anonymous_4)
FNDA:0,(anonymous_5)
FNDA:0,(anonymous_6)
FNDA:0,(anonymous_7)
FNDA:0,(anonymous_8)
FNDA:0,(anonymous_9)
FNDA:0,(anonymous_10)
FNDA:0,(anonymous_11)
FNDA:0,(anonymous_12)
FNDA:0,(anonymous_13)
FNDA:0,(anonymous_14)
FNDA:0,(anonymous_15)
FNDA:0,(anonymous_16)
FNDA:0,(anonymous_17)
FNDA:0,(anonymous_18)
FNDA:0,(anonymous_19)
FNDA:0,(anonymous_20)
FNDA:0,(anonymous_21)
FNDA:0,(anonymous_22)
FNDA:0,(anonymous_23)
FNDA:0,(anonymous_24)
FNDA:0,(anonymous_25)
FNDA:0,(anonymous_26)
FNDA:0,(anonymous_27)
FNDA:0,(anonymous_28)
FNDA:0,(anonymous_29)
FNDA:0,(anonymous_30)
FNDA:0,(anonymous_31)
FNDA:0,(anonymous_32)
FNDA:0,(anonymous_33)
FNDA:0,(anonymous_34)
FNDA:0,(anonymous_35)
FNDA:0,(anonymous_36)
FNDA:0,(anonymous_37)
FNDA:0,(anonymous_38)
FNDA:0,(anonymous_39)
FNDA:0,(anonymous_40)
FNDA:0,(anonymous_41)
FNDA:0,(anonymous_42)
FNDA:0,(anonymous_43)
FNDA:0,(anonymous_44)
FNDA:0,(anonymous_45)
FNDA:0,(anonymous_46)
DA:2,1
DA:4,1
DA:68,1
DA:69,1
DA:70,1
DA:72,1
DA:74,1
DA:95,1
DA:98,1
DA:105,1
DA:106,1
DA:108,1
DA:119,0
DA:140,1
DA:168,1
DA:181,0
DA:195,1
DA:208,0
DA:222,1
DA:236,0
DA:249,1
DA:257,0
DA:269,1
DA:276,0
DA:283,1
DA:290,0
DA:297,1
DA:304,0
DA:311,1
DA:316,0
DA:323,1
DA:330,0
DA:340,1
DA:347,1
DA:348,1
DA:350,1
DA:357,0
DA:363,1
DA:374,0
DA:393,1
DA:398,0
DA:405,1
DA:411,0
DA:426,1
DA:431,1
DA:449,1
DA:456,0
DA:464,1
DA:482,1
DA:487,0
DA:494,1
DA:501,0
DA:508,1
DA:514,0
DA:524,1
DA:531,1
DA:532,1
DA:534,1
DA:541,0
DA:548,1
DA:553,0
DA:560,1
DA:576,1
DA:581,0
DA:591,1
DA:624,0
DA:627,0
DA:628,0
DA:629,0
DA:630,0
DA:633,0
DA:664,0
DA:667,0
DA:668,0
DA:671,0
DA:672,0
DA:678,0
DA:681,0
DA:682,0
DA:688,0
DA:692,0
DA:693,0
DA:694,0
DA:695,0
DA:696,0
DA:697,0
DA:700,0
DA:701,0
DA:704,0
DA:711,0
DA:712,0
DA:714,0
DA:717,0
DA:718,0
DA:730,0
DA:737,0
DA:739,0
DA:753,0
DA:763,0
DA:764,0
DA:765,0
DA:767,0
DA:768,0
DA:770,0
DA:777,0
DA:782,0
DA:785,0
DA:786,0
DA:788,0
DA:797,0
DA:824,0
DA:829,0
DA:839,0
DA:840,0
DA:842,0
DA:852,0
DA:860,0
DA:883,0
DA:886,0
DA:887,0
DA:890,0
DA:893,0
DA:894,0
DA:895,0
DA:902,0
DA:904,0
DA:905,0
DA:907,0
DA:911,0
DA:912,0
DA:939,0
DA:940,0
DA:941,0
DA:944,0
DA:945,0
DA:946,0
DA:947,0
DA:950,0
DA:954,0
DA:955,0
DA:956,0
DA:958,0
DA:959,0
DA:960,0
DA:962,0
DA:994,0
DA:995,0
DA:996,0
DA:999,0
DA:1000,0
DA:1010,0
DA:1011,0
DA:1012,0
DA:1013,0
DA:1015,0
DA:1019,0
DA:1021,0
DA:1023,0
DA:1024,0
DA:1032,0
DA:1033,0
DA:1036,0
DA:1037,0
DA:1038,0
DA:1039,0
DA:1045,0
DA:1054,0
DA:1058,0
DA:1059,0
DA:1072,0
DA:1073,0
DA:1074,0
DA:1078,0
DA:1079,0
DA:1087,0
DA:1090,0
DA:1091,0
DA:1102,0
DA:1103,0
DA:1104,0
DA:1105,0
DA:1132,0
DA:1135,0
DA:1136,0
DA:1137,0
DA:1142,0
DA:1143,0
LF:187
LH:44
BRDA:678,0,0,0
BRDA:678,0,1,0
BRDA:688,1,0,0
BRDA:688,1,1,0
BRDA:694,2,0,0
BRDA:694,2,1,0
BRDA:694,3,0,0
BRDA:694,3,1,0
BRDA:694,3,2,0
BRDA:700,4,0,0
BRDA:700,4,1,0
BRDA:711,5,0,0
BRDA:711,5,1,0
BRDA:712,6,0,0
BRDA:712,6,1,0
BRDA:737,7,0,0
BRDA:737,7,1,0
BRDA:738,8,0,0
BRDA:738,8,1,0
BRDA:742,9,0,0
BRDA:742,9,1,0
BRDA:764,10,0,0
BRDA:764,10,1,0
BRDA:767,11,0,0
BRDA:767,11,1,0
BRDA:770,12,0,0
BRDA:770,12,1,0
BRDA:785,13,0,0
BRDA:785,13,1,0
BRDA:824,14,0,0
BRDA:824,14,1,0
BRDA:839,15,0,0
BRDA:839,15,1,0
BRDA:852,16,0,0
BRDA:852,16,1,0
BRDA:904,17,0,0
BRDA:904,17,1,0
BRDA:946,18,0,0
BRDA:946,18,1,0
BRDA:958,19,0,0
BRDA:958,19,1,0
BRDA:968,20,0,0
BRDA:968,20,1,0
BRDA:969,21,0,0
BRDA:969,21,1,0
BRDA:970,22,0,0
BRDA:970,22,1,0
BRDA:971,23,0,0
BRDA:971,23,1,0
BRDA:972,24,0,0
BRDA:972,24,1,0
BRDA:973,25,0,0
BRDA:973,25,1,0
BRDA:974,26,0,0
BRDA:974,26,1,0
BRDA:975,27,0,0
BRDA:975,27,1,0
BRDA:980,28,0,0
BRDA:980,28,1,0
BRDA:984,29,0,0
BRDA:984,29,1,0
BRDA:985,30,0,0
BRDA:985,30,1,0
BRDA:986,31,0,0
BRDA:986,31,1,0
BRDA:987,32,0,0
BRDA:987,32,1,0
BRDA:988,33,0,0
BRDA:988,33,1,0
BRDA:989,34,0,0
BRDA:989,34,1,0
BRDA:991,35,0,0
BRDA:991,35,1,0
BRDA:1004,36,0,0
BRDA:1004,36,1,0
BRDA:1015,37,0,0
BRDA:1015,37,1,0
BRDA:1019,38,0,0
BRDA:1019,38,1,0
BRDA:1023,39,0,0
BRDA:1023,39,1,0
BRDA:1037,40,0,0
BRDA:1037,40,1,0
BRDA:1038,41,0,0
BRDA:1038,41,1,0
BRDA:1049,42,0,0
BRDA:1049,42,1,0
BRDA:1060,43,0,0
BRDA:1060,43,1,0
BRDA:1062,44,0,0
BRDA:1062,44,1,0
BRDA:1066,45,0,0
BRDA:1066,45,1,0
BRDA:1068,46,0,0
BRDA:1068,46,1,0
BRDA:1072,47,0,0
BRDA:1072,47,1,0
BRDA:1078,48,0,0
BRDA:1078,48,1,0
BRDA:1095,49,0,0
BRDA:1095,49,1,0
BRDA:1136,50,0,0
BRDA:1136,50,1,0
BRDA:9,51,0,0
BRDA:9,51,1,0
BRDA:76,52,0,0
BRDA:76,52,1,0
BRDA:99,53,0,0
BRDA:99,53,1,0
BRDA:109,54,0,0
BRDA:109,54,1,0
BRDA:119,55,0,0
BRDA:119,55,1,0
BRDA:133,56,0,0
BRDA:133,56,1,NaN
BRDA:141,57,0,0
BRDA:141,57,1,0
BRDA:160,58,0,0
BRDA:160,58,1,NaN
BRDA:171,59,0,0
BRDA:171,59,1,0
BRDA:181,60,0,0
BRDA:181,60,1,0
BRDA:187,61,0,0
BRDA:187,61,1,NaN
BRDA:198,62,0,0
BRDA:198,62,1,0
BRDA:208,63,0,0
BRDA:208,63,1,0
BRDA:214,64,0,0
BRDA:214,64,1,NaN
BRDA:225,65,0,0
BRDA:225,65,1,0
BRDA:236,66,0,0
BRDA:236,66,1,0
BRDA:242,67,0,0
BRDA:242,67,1,NaN
BRDA:250,68,0,0
BRDA:250,68,1,0
BRDA:257,69,0,0
BRDA:257,69,1,0
BRDA:262,70,0,0
BRDA:262,70,1,NaN
BRDA:270,71,0,0
BRDA:270,71,1,0
BRDA:276,72,0,0
BRDA:276,72,1,0
BRDA:284,73,0,0
BRDA:284,73,1,0
BRDA:290,74,0,0
BRDA:290,74,1,0
BRDA:298,75,0,0
BRDA:298,75,1,0
BRDA:304,76,0,0
BRDA:304,76,1,0
BRDA:312,77,0,0
BRDA:312,77,1,0
BRDA:316,78,0,0
BRDA:316,78,1,0
BRDA:324,79,0,0
BRDA:324,79,1,0
BRDA:330,80,0,0
BRDA:330,80,1,0
BRDA:341,81,0,0
BRDA:341,81,1,0
BRDA:351,82,0,0
BRDA:351,82,1,0
BRDA:357,83,0,0
BRDA:357,83,1,0
BRDA:364,84,0,0
BRDA:364,84,1,0
BRDA:374,85,0,0
BRDA:374,85,1,0
BRDA:386,86,0,0
BRDA:386,86,1,NaN
BRDA:394,87,0,0
BRDA:394,87,1,0
BRDA:398,88,0,0
BRDA:398,88,1,0
BRDA:406,89,0,0
BRDA:406,89,1,0
BRDA:411,90,0,0
BRDA:411,90,1,0
BRDA:427,91,0,0
BRDA:427,91,1,0
BRDA:432,92,0,0
BRDA:432,92,1,0
BRDA:450,93,0,0
BRDA:450,93,1,0
BRDA:456,94,0,0
BRDA:456,94,1,0
BRDA:465,95,0,0
BRDA:465,95,1,0
BRDA:483,96,0,0
BRDA:483,96,1,0
BRDA:487,97,0,0
BRDA:487,97,1,0
BRDA:495,98,0,0
BRDA:495,98,1,0
BRDA:501,99,0,0
BRDA:501,99,1,0
BRDA:509,100,0,0
BRDA:509,100,1,0
BRDA:514,101,0,0
BRDA:514,101,1,0
BRDA:525,102,0,0
BRDA:525,102,1,0
BRDA:535,103,0,0
BRDA:535,103,1,0
BRDA:541,104,0,0
BRDA:541,104,1,0
BRDA:549,105,0,0
BRDA:549,105,1,0
BRDA:553,106,0,0
BRDA:553,106,1,0
BRDA:561,107,0,0
BRDA:561,107,1,0
BRDA:577,108,0,0
BRDA:577,108,1,0
BRDA:581,109,0,0
BRDA:581,109,1,0
BRDA:604,110,0,0
BRDA:604,110,1,0
BRF:223
BRH:0
end_of_record
TN:
SF:resources/js/components/reportes/ReporteList.vue
FN:247,(anonymous_0)
FN:248,(anonymous_1)
FN:251,(anonymous_2)
FN:262,(anonymous_3)
FN:273,(anonymous_4)
FN:278,(anonymous_5)
FN:279,(anonymous_6)
FN:284,(anonymous_7)
FN:324,(anonymous_8)
FN:14,(anonymous_9)
FN:18,(anonymous_10)
FN:49,(anonymous_11)
FN:53,(anonymous_12)
FN:61,(anonymous_13)
FN:74,(anonymous_14)
FN:76,(anonymous_15)
FN:87,(anonymous_16)
FN:89,(anonymous_17)
FN:100,(anonymous_18)
FN:102,(anonymous_19)
FN:109,(anonymous_20)
FN:120,(anonymous_21)
FNF:22
FNH:0
FNDA:0,(anonymous_0)
FNDA:0,(anonymous_1)
FNDA:0,(anonymous_2)
FNDA:0,(anonymous_3)
FNDA:0,(anonymous_4)
FNDA:0,(anonymous_5)
FNDA:0,(anonymous_6)
FNDA:0,(anonymous_7)
FNDA:0,(anonymous_8)
FNDA:0,(anonymous_9)
FNDA:0,(anonymous_10)
FNDA:0,(anonymous_11)
FNDA:0,(anonymous_12)
FNDA:0,(anonymous_13)
FNDA:0,(anonymous_14)
FNDA:0,(anonymous_15)
FNDA:0,(anonymous_16)
FNDA:0,(anonymous_17)
FNDA:0,(anonymous_18)
FNDA:0,(anonymous_19)
FNDA:0,(anonymous_20)
FNDA:0,(anonymous_21)
DA:2,1
DA:3,1
DA:5,1
DA:6,1
DA:12,1
DA:13,0
DA:18,0
DA:32,1
DA:33,1
DA:34,1
DA:35,1
DA:40,1
DA:41,1
DA:44,1
DA:47,1
DA:49,0
DA:51,1
DA:53,0
DA:61,0
DA:74,0
DA:76,0
DA:87,0
DA:89,0
DA:98,1
DA:100,0
DA:102,0
DA:107,1
DA:109,0
DA:120,0
DA:130,1
DA:146,1
DA:152,1
DA:153,1
DA:154,1
DA:158,1
DA:163,1
DA:180,0
DA:181,0
DA:182,0
DA:189,0
DA:201,0
DA:247,0
DA:248,0
DA:251,0
DA:252,0
DA:262,0
DA:263,0
DA:264,0
DA:265,0
DA:266,0
DA:269,0
DA:273,0
DA:274,0
DA:275,0
DA:278,0
DA:279,0
DA:280,0
DA:284,0
DA:285,0
DA:287,0
DA:289,0
DA:291,0
DA:292,0
DA:293,0
DA:294,0
DA:295,0
DA:296,0
DA:297,0
DA:298,0
DA:300,0
DA:303,0
DA:305,0
DA:314,0
DA:320,0
DA:324,0
DA:325,0
DA:328,0
DA:329,0
DA:330,0
DA:331,0
LF:80
LH:23
BRDA:248,0,0,0
BRDA:248,0,1,0
BRDA:265,1,0,0
BRDA:265,1,1,0
BRDA:291,2,0,0
BRDA:291,2,1,0
BRDA:292,3,0,0
BRDA:292,3,1,0
BRDA:293,4,0,0
BRDA:293,4,1,0
BRDA:294,5,0,0
BRDA:294,5,1,0
BRDA:295,6,0,0
BRDA:295,6,1,0
BRDA:296,7,0,0
BRDA:296,7,1,0
BRDA:297,8,0,0
BRDA:297,8,1,0
BRDA:298,9,0,0
BRDA:298,9,1,0
BRDA:317,10,0,0
BRDA:317,10,1,0
BRDA:7,11,0,0
BRDA:7,11,1,0
BRDA:22,12,0,0
BRDA:22,12,1,NaN
BRDA:46,13,0,0
BRDA:46,13,1,NaN
BRDA:48,14,0,0
BRDA:48,14,1,0
BRDA:49,15,0,0
BRDA:49,15,1,0
BRDA:52,16,0,0
BRDA:52,16,1,0
BRDA:53,17,0,0
BRDA:53,17,1,0
BRDA:58,18,0,0
BRDA:58,18,1,NaN
BRDA:60,19,0,0
BRDA:60,19,1,0
BRDA:61,20,0,0
BRDA:61,20,1,0
BRDA:71,21,0,0
BRDA:71,21,1,NaN
BRDA:73,22,0,0
BRDA:73,22,1,0
BRDA:74,23,0,0
BRDA:74,23,1,0
BRDA:75,24,0,0
BRDA:75,24,1,0
BRDA:84,25,0,0
BRDA:84,25,1,NaN
BRDA:86,26,0,0
BRDA:86,26,1,0
BRDA:87,27,0,0
BRDA:87,27,1,0
BRDA:88,28,0,0
BRDA:88,28,1,0
BRDA:97,29,0,0
BRDA:97,29,1,NaN
BRDA:99,30,0,0
BRDA:99,30,1,0
BRDA:100,31,0,0
BRDA:100,31,1,0
BRDA:101,32,0,0
BRDA:101,32,1,0
BRDA:108,33,0,0
BRDA:108,33,1,0
BRDA:109,34,0,0
BRDA:109,34,1,0
BRDA:117,35,0,0
BRDA:117,35,1,NaN
BRDA:119,36,0,0
BRDA:119,36,1,0
BRDA:120,37,0,0
BRDA:120,37,1,0
BRDA:135,38,0,0
BRDA:135,38,1,0
BRDA:136,39,0,0
BRDA:136,39,1,0
BRDA:147,40,0,0
BRDA:147,40,1,0
BRDA:155,41,0,0
BRDA:155,41,1,0
BRDA:156,42,0,0
BRDA:156,42,1,0
BRDA:159,43,0,0
BRDA:159,43,1,0
BRDA:160,44,0,0
BRDA:160,44,1,0
BRDA:164,45,0,0
BRDA:164,45,1,0
BRDA:165,46,0,0
BRDA:165,46,1,0
BRF:94
BRH:0
end_of_record
TN:
SF:resources/js/components/roles/RolList.vue
FN:217,(anonymous_0)
FN:228,(anonymous_1)
FN:229,(anonymous_2)
FN:245,(anonymous_3)
FN:248,(anonymous_4)
FN:256,(anonymous_5)
FN:262,(anonymous_6)
FN:268,(anonymous_7)
FN:276,(anonymous_8)
FN:284,(anonymous_9)
FN:292,(anonymous_10)
FN:303,(anonymous_11)
FN:325,(anonymous_12)
FN:326,(anonymous_13)
FN:330,(anonymous_14)
FN:334,(anonymous_15)
FN:342,(anonymous_16)
FN:348,(anonymous_17)
FN:352,(anonymous_18)
FN:367,(anonymous_19)
FN:378,(anonymous_20)
FN:393,(anonymous_21)
FN:431,(anonymous_22)
FN:453,(anonymous_23)
FN:488,(anonymous_24)
FN:500,(anonymous_25)
FN:506,(anonymous_26)
FN:507,(anonymous_27)
FN:510,(anonymous_28)
FN:511,(anonymous_29)
FN:513,(anonymous_30)
FN:519,(anonymous_31)
FN:523,(anonymous_32)
FN:18,(anonymous_33)
FN:75,(anonymous_34)
FN:85,(anonymous_35)
FN:95,(anonymous_36)
FN:104,(anonymous_37)
FN:122,(anonymous_38)
FN:133,(anonymous_39)
FN:143,(anonymous_40)
FN:151,(anonymous_41)
FNF:42
FNH:0
FNDA:0,(anonymous_0)
FNDA:0,(anonymous_1)
FNDA:0,(anonymous_2)
FNDA:0,(anonymous_3)
FNDA:0,(anonymous_4)
FNDA:0,(anonymous_5)
FNDA:0,(anonymous_6)
FNDA:0,(anonymous_7)
FNDA:0,(anonymous_8)
FNDA:0,(anonymous_9)
FNDA:0,(anonymous_10)
FNDA:0,(anonymous_11)
FNDA:0,(anonymous_12)
FNDA:0,(anonymous_13)
FNDA:0,(anonymous_14)
FNDA:0,(anonymous_15)
FNDA:0,(anonymous_16)
FNDA:0,(anonymous_17)
FNDA:0,(anonymous_18)
FNDA:0,(anonymous_19)
FNDA:0,(anonymous_20)
FNDA:0,(anonymous_21)
FNDA:0,(anonymous_22)
FNDA:0,(anonymous_23)
FNDA:0,(anonymous_24)
FNDA:0,(anonymous_25)
FNDA:0,(anonymous_26)
FNDA:0,(anonymous_27)
FNDA:0,(anonymous_28)
FNDA:0,(anonymous_29)
FNDA:0,(anonymous_30)
FNDA:0,(anonymous_31)
FNDA:0,(anonymous_32)
FNDA:0,(anonymous_33)
FNDA:0,(anonymous_34)
FNDA:0,(anonymous_35)
FNDA:0,(anonymous_36)
FNDA:0,(anonymous_37)
FNDA:0,(anonymous_38)
FNDA:0,(anonymous_39)
FNDA:0,(anonymous_40)
FNDA:0,(anonymous_41)
DA:2,1
DA:4,1
DA:6,1
DA:7,1
DA:8,1
DA:16,1
DA:17,1
DA:18,0
DA:57,1
DA:58,1
DA:59,1
DA:60,1
DA:61,1
DA:70,1
DA:72,1
DA:73,1
DA:75,0
DA:77,1
DA:85,0
DA:93,1
DA:95,0
DA:100,1
DA:104,0
DA:112,1
DA:118,1
DA:119,1
DA:120,0
DA:125,1
DA:126,1
DA:127,1
DA:133,0
DA:140,1
DA:141,0
DA:151,0
DA:169,1
DA:190,0
DA:193,0
DA:194,0
DA:195,0
DA:196,0
DA:197,0
DA:200,0
DA:205,0
DA:214,0
DA:217,0
DA:218,0
DA:219,0
DA:220,0
DA:221,0
DA:224,0
DA:228,0
DA:229,0
DA:230,0
DA:231,0
DA:232,0
DA:235,0
DA:236,0
DA:239,0
DA:246,0
DA:249,0
DA:257,0
DA:263,0
DA:269,0
DA:277,0
DA:285,0
DA:293,0
DA:304,0
DA:326,0
DA:327,0
DA:330,0
DA:331,0
DA:334,0
DA:335,0
DA:342,0
DA:343,0
DA:344,0
DA:348,0
DA:349,0
DA:352,0
DA:353,0
DA:354,0
DA:355,0
DA:357,0
DA:358,0
DA:359,0
DA:360,0
DA:363,0
DA:367,0
DA:368,0
DA:369,0
DA:370,0
DA:371,0
DA:372,0
DA:378,0
DA:380,0
DA:381,0
DA:382,0
DA:385,0
DA:393,0
DA:394,0
DA:395,0
DA:397,0
DA:398,0
DA:401,0
DA:403,0
DA:405,0
DA:406,0
DA:413,0
DA:414,0
DA:417,0
DA:418,0
DA:420,0
DA:427,0
DA:431,0
DA:432,0
DA:433,0
DA:434,0
DA:435,0
DA:442,0
DA:445,0
DA:453,0
DA:454,0
DA:465,0
DA:466,0
DA:467,0
DA:468,0
DA:469,0
DA:476,0
DA:479,0
DA:488,0
DA:489,0
DA:497,0
DA:500,0
DA:501,0
DA:502,0
DA:503,0
DA:506,0
DA:507,0
DA:510,0
DA:511,0
DA:512,0
DA:513,0
DA:514,0
DA:515,0
DA:519,0
DA:523,0
DA:524,0
DA:525,0
LF:148
LH:26
BRDA:220,0,0,0
BRDA:220,0,1,0
BRDA:221,1,0,0
BRDA:221,1,1,0
BRDA:230,2,0,0
BRDA:230,2,1,0
BRDA:230,3,0,0
BRDA:230,3,1,0
BRDA:230,3,2,0
BRDA:235,4,0,0
BRDA:235,4,1,0
BRDA:249,5,0,0
BRDA:249,5,1,0
BRDA:249,6,0,0
BRDA:249,6,1,0
BRDA:269,7,0,0
BRDA:269,7,1,0
BRDA:269,8,0,0
BRDA:269,8,1,0
BRDA:293,9,0,0
BRDA:293,9,1,0
BRDA:309,10,0,0
BRDA:309,10,1,0
BRDA:309,11,0,0
BRDA:309,11,1,0
BRDA:310,12,0,0
BRDA:310,12,1,0
BRDA:343,13,0,0
BRDA:343,13,1,0
BRDA:359,14,0,0
BRDA:359,14,1,0
BRDA:370,15,0,0
BRDA:370,15,1,0
BRDA:376,16,0,0
BRDA:376,16,1,0
BRDA:388,17,0,0
BRDA:388,17,1,0
BRDA:398,18,0,0
BRDA:398,18,1,0
BRDA:401,19,0,0
BRDA:401,19,1,0
BRDA:405,20,0,0
BRDA:405,20,1,0
BRDA:417,21,0,0
BRDA:417,21,1,0
BRDA:423,22,0,0
BRDA:423,22,1,0
BRDA:434,23,0,0
BRDA:434,23,1,0
BRDA:448,24,0,0
BRDA:448,24,1,0
BRDA:465,25,0,0
BRDA:465,25,1,0
BRDA:468,26,0,0
BRDA:468,26,1,0
BRDA:482,27,0,0
BRDA:482,27,1,0
BRDA:512,28,0,0
BRDA:512,28,1,0
BRDA:514,29,0,0
BRDA:514,29,1,0
BRDA:9,30,0,0
BRDA:9,30,1,0
BRDA:18,31,0,0
BRDA:18,31,1,0
BRDA:62,32,0,0
BRDA:62,32,1,0
BRDA:63,33,0,0
BRDA:63,33,1,0
BRDA:74,34,0,0
BRDA:74,34,1,0
BRDA:75,35,0,0
BRDA:75,35,1,0
BRDA:78,36,0,0
BRDA:78,36,1,0
BRDA:85,37,0,0
BRDA:85,37,1,0
BRDA:89,38,0,0
BRDA:89,38,1,NaN
BRDA:94,39,0,0
BRDA:94,39,1,0
BRDA:95,40,0,0
BRDA:95,40,1,0
BRDA:101,41,0,0
BRDA:101,41,1,0
BRDA:104,42,0,0
BRDA:104,42,1,0
BRDA:113,43,0,0
BRDA:113,43,1,0
BRDA:161,44,0,0
BRDA:161,44,1,NaN
BRDA:164,45,0,0
BRDA:164,45,1,0
BRDA:174,46,0,0
BRDA:174,46,1,0
BRDA:175,47,0,0
BRDA:175,47,1,0
BRF:97
BRH:0
end_of_record
TN:
SF:resources/js/components/shared/Alert.vue
FN:28,(anonymous_0)
FN:37,(anonymous_1)
FN:5,(anonymous_2)
FNF:3
FNH:3
FNDA:13,(anonymous_0)
FNDA:1,(anonymous_1)
FNDA:1,(anonymous_2)
DA:2,13
DA:5,1
DA:18,1
DA:28,13
DA:38,1
LF:5
LH:5
BRDA:5,0,0,13
BRDA:5,0,1,13
BRDA:5,1,0,1
BRDA:5,1,1,1
BRDA:11,2,0,8
BRDA:11,2,1,NaN
BRF:6
BRH:5
end_of_record
TN:
SF:resources/js/components/usuarios/UsuarioList.vue
FN:224,(anonymous_0)
FN:235,(anonymous_1)
FN:236,(anonymous_2)
FN:252,(anonymous_3)
FN:255,(anonymous_4)
FN:266,(anonymous_5)
FN:272,(anonymous_6)
FN:278,(anonymous_7)
FN:280,(anonymous_8)
FN:287,(anonymous_9)
FN:298,(anonymous_10)
FN:320,(anonymous_11)
FN:321,(anonymous_12)
FN:325,(anonymous_13)
FN:329,(anonymous_14)
FN:337,(anonymous_15)
FN:343,(anonymous_16)
FN:347,(anonymous_17)
FN:353,(anonymous_18)
FN:365,(anonymous_19)
FN:380,(anonymous_20)
FN:424,(anonymous_21)
FN:446,(anonymous_22)
FN:481,(anonymous_23)
FN:494,(anonymous_24)
FN:500,(anonymous_25)
FN:18,(anonymous_26)
FN:80,(anonymous_27)
FN:96,(anonymous_28)
FN:113,(anonymous_29)
FN:129,(anonymous_30)
FN:135,(anonymous_31)
FN:151,(anonymous_32)
FN:158,(anonymous_33)
FNF:34
FNH:0
FNDA:0,(anonymous_0)
FNDA:0,(anonymous_1)
FNDA:0,(anonymous_2)
FNDA:0,(anonymous_3)
FNDA:0,(anonymous_4)
FNDA:0,(anonymous_5)
FNDA:0,(anonymous_6)
FNDA:0,(anonymous_7)
FNDA:0,(anonymous_8)
FNDA:0,(anonymous_9)
FNDA:0,(anonymous_10)
FNDA:0,(anonymous_11)
FNDA:0,(anonymous_12)
FNDA:0,(anonymous_13)
FNDA:0,(anonymous_14)
FNDA:0,(anonymous_15)
FNDA:0,(anonymous_16)
FNDA:0,(anonymous_17)
FNDA:0,(anonymous_18)
FNDA:0,(anonymous_19)
FNDA:0,(anonymous_20)
FNDA:0,(anonymous_21)
FNDA:0,(anonymous_22)
FNDA:0,(anonymous_23)
FNDA:0,(anonymous_24)
FNDA:0,(anonymous_25)
FNDA:0,(anonymous_26)
FNDA:0,(anonymous_27)
FNDA:0,(anonymous_28)
FNDA:0,(anonymous_29)
FNDA:0,(anonymous_30)
FNDA:0,(anonymous_31)
FNDA:0,(anonymous_32)
FNDA:0,(anonymous_33)
DA:2,1
DA:4,1
DA:6,1
DA:7,1
DA:8,1
DA:16,1
DA:17,1
DA:18,0
DA:56,1
DA:57,1
DA:58,1
DA:59,1
DA:60,1
DA:69,1
DA:71,1
DA:72,1
DA:80,0
DA:88,1
DA:96,0
DA:104,1
DA:105,1
DA:113,0
DA:121,1
DA:122,1
DA:129,0
DA:133,1
DA:135,0
DA:143,1
DA:149,1
DA:150,1
DA:151,0
DA:152,1
DA:158,0
DA:162,1
DA:175,1
DA:196,0
DA:199,0
DA:200,0
DA:201,0
DA:202,0
DA:203,0
DA:206,0
DA:211,0
DA:221,0
DA:224,0
DA:225,0
DA:226,0
DA:227,0
DA:228,0
DA:231,0
DA:235,0
DA:236,0
DA:237,0
DA:238,0
DA:239,0
DA:242,0
DA:243,0
DA:246,0
DA:253,0
DA:256,0
DA:267,0
DA:273,0
DA:279,0
DA:280,0
DA:288,0
DA:299,0
DA:321,0
DA:322,0
DA:325,0
DA:326,0
DA:329,0
DA:330,0
DA:337,0
DA:338,0
DA:339,0
DA:343,0
DA:344,0
DA:347,0
DA:348,0
DA:349,0
DA:350,0
DA:353,0
DA:354,0
DA:355,0
DA:356,0
DA:357,0
DA:358,0
DA:365,0
DA:367,0
DA:368,0
DA:369,0
DA:372,0
DA:380,0
DA:381,0
DA:382,0
DA:384,0
DA:385,0
DA:388,0
DA:390,0
DA:391,0
DA:392,0
DA:393,0
DA:396,0
DA:398,0
DA:399,0
DA:406,0
DA:407,0
DA:410,0
DA:411,0
DA:413,0
DA:420,0
DA:424,0
DA:425,0
DA:426,0
DA:427,0
DA:428,0
DA:435,0
DA:438,0
DA:446,0
DA:447,0
DA:458,0
DA:459,0
DA:460,0
DA:461,0
DA:462,0
DA:469,0
DA:472,0
DA:481,0
DA:482,0
DA:491,0
DA:494,0
DA:495,0
DA:496,0
DA:497,0
DA:500,0
DA:501,0
DA:502,0
LF:137
LH:27
BRDA:227,0,0,0
BRDA:227,0,1,0
BRDA:237,1,0,0
BRDA:237,1,1,0
BRDA:237,2,0,0
BRDA:237,2,1,0
BRDA:237,2,2,0
BRDA:242,3,0,0
BRDA:242,3,1,0
BRDA:256,4,0,0
BRDA:256,4,1,0
BRDA:256,5,0,0
BRDA:256,5,1,0
BRDA:279,6,0,0
BRDA:279,6,1,0
BRDA:288,7,0,0
BRDA:288,7,1,0
BRDA:304,8,0,0
BRDA:304,8,1,0
BRDA:304,9,0,0
BRDA:304,9,1,0
BRDA:305,10,0,0
BRDA:305,10,1,0
BRDA:338,11,0,0
BRDA:338,11,1,0
BRDA:356,12,0,0
BRDA:356,12,1,0
BRDA:375,13,0,0
BRDA:375,13,1,0
BRDA:385,14,0,0
BRDA:385,14,1,0
BRDA:388,15,0,0
BRDA:388,15,1,0
BRDA:391,16,0,0
BRDA:391,16,1,0
BRDA:391,17,0,0
BRDA:391,17,1,0
BRDA:398,18,0,0
BRDA:398,18,1,0
BRDA:410,19,0,0
BRDA:410,19,1,0
BRDA:416,20,0,0
BRDA:416,20,1,0
BRDA:427,21,0,0
BRDA:427,21,1,0
BRDA:441,22,0,0
BRDA:441,22,1,0
BRDA:458,23,0,0
BRDA:458,23,1,0
BRDA:461,24,0,0
BRDA:461,24,1,0
BRDA:475,25,0,0
BRDA:475,25,1,0
BRDA:9,26,0,0
BRDA:9,26,1,0
BRDA:18,27,0,0
BRDA:18,27,1,0
BRDA:36,28,0,0
BRDA:36,28,1,0
BRDA:61,29,0,0
BRDA:61,29,1,0
BRDA:62,30,0,0
BRDA:62,30,1,0
BRDA:73,31,0,0
BRDA:73,31,1,0
BRDA:80,32,0,0
BRDA:80,32,1,0
BRDA:84,33,0,0
BRDA:84,33,1,NaN
BRDA:89,34,0,0
BRDA:89,34,1,0
BRDA:96,35,0,0
BRDA:96,35,1,0
BRDA:100,36,0,0
BRDA:100,36,1,NaN
BRDA:106,37,0,0
BRDA:106,37,1,0
BRDA:107,38,0,0
BRDA:107,38,1,NaN
BRDA:113,39,0,0
BRDA:113,39,1,0
BRDA:117,40,0,0
BRDA:117,40,1,NaN
BRDA:122,41,0,0
BRDA:122,41,1,0
BRDA:124,42,0,0
BRDA:124,42,1,NaN
BRDA:129,43,0,0
BRDA:129,43,1,0
BRDA:134,44,0,0
BRDA:134,44,1,0
BRDA:135,45,0,0
BRDA:135,45,1,0
BRDA:144,46,0,0
BRDA:144,46,1,0
BRDA:158,47,0,0
BRDA:158,47,1,0
BRDA:167,48,0,0
BRDA:167,48,1,NaN
BRDA:170,49,0,0
BRDA:170,49,1,0
BRDA:180,50,0,0
BRDA:180,50,1,0
BRDA:181,51,0,0
BRDA:181,51,1,0
BRF:105
BRH:0
end_of_record
TN:
SF:resources/js/components/ventas/VentaList.vue
FN:526,(anonymous_0)
FN:528,(anonymous_1)
FN:532,crearDetalleVacio
FN:542,getProductoById
FN:543,(anonymous_4)
FN:546,formatDate
FN:555,getEstadoBadgeClass
FN:565,(anonymous_7)
FN:576,(anonymous_8)
FN:587,(anonymous_9)
FN:588,(anonymous_10)
FN:604,(anonymous_11)
FN:607,(anonymous_12)
FN:615,(anonymous_13)
FN:621,(anonymous_14)
FN:630,(anonymous_15)
FN:637,(anonymous_16)
FN:645,(anonymous_17)
FN:653,(anonymous_18)
FN:661,(anonymous_19)
FN:680,(anonymous_20)
FN:711,(anonymous_21)
FN:712,(anonymous_22)
FN:716,(anonymous_23)
FN:720,(anonymous_24)
FN:724,(anonymous_25)
FN:732,(anonymous_26)
FN:738,(anonymous_27)
FN:753,(anonymous_28)
FN:772,(anonymous_29)
FN:795,(anonymous_30)
FN:812,(anonymous_31)
FN:848,(anonymous_32)
FN:884,(anonymous_33)
FN:929,(anonymous_34)
FN:933,(anonymous_35)
FN:940,(anonymous_36)
FN:948,(anonymous_37)
FN:956,(anonymous_38)
FN:966,(anonymous_39)
FN:974,(anonymous_40)
FN:975,(anonymous_41)
FN:982,(anonymous_42)
FN:1004,(anonymous_43)
FN:1010,(anonymous_44)
FN:1017,(anonymous_45)
FN:18,(anonymous_46)
FN:86,(anonymous_47)
FN:97,(anonymous_48)
FN:102,(anonymous_49)
FN:126,(anonymous_50)
FN:141,(anonymous_51)
FN:156,(anonymous_52)
FN:171,(anonymous_53)
FN:181,(anonymous_54)
FN:192,(anonymous_55)
FN:207,(anonymous_56)
FN:220,(anonymous_57)
FN:253,(anonymous_58)
FN:257,(anonymous_59)
FN:258,(anonymous_60)
FN:262,(anonymous_61)
FN:278,(anonymous_62)
FN:280,(anonymous_63)
FN:293,(anonymous_64)
FN:295,(anonymous_65)
FN:304,(anonymous_66)
FN:307,(anonymous_67)
FN:317,(anonymous_68)
FN:436,(anonymous_69)
FNF:70
FNH:0
FNDA:0,(anonymous_0)
FNDA:0,(anonymous_1)
FNDA:0,crearDetalleVacio
FNDA:0,getProductoById
FNDA:0,(anonymous_4)
FNDA:0,formatDate
FNDA:0,getEstadoBadgeClass
FNDA:0,(anonymous_7)
FNDA:0,(anonymous_8)
FNDA:0,(anonymous_9)
FNDA:0,(anonymous_10)
FNDA:0,(anonymous_11)
FNDA:0,(anonymous_12)
FNDA:0,(anonymous_13)
FNDA:0,(anonymous_14)
FNDA:0,(anonymous_15)
FNDA:0,(anonymous_16)
FNDA:0,(anonymous_17)
FNDA:0,(anonymous_18)
FNDA:0,(anonymous_19)
FNDA:0,(anonymous_20)
FNDA:0,(anonymous_21)
FNDA:0,(anonymous_22)
FNDA:0,(anonymous_23)
FNDA:0,(anonymous_24)
FNDA:0,(anonymous_25)
FNDA:0,(anonymous_26)
FNDA:0,(anonymous_27)
FNDA:0,(anonymous_28)
FNDA:0,(anonymous_29)
FNDA:0,(anonymous_30)
FNDA:0,(anonymous_31)
FNDA:0,(anonymous_32)
FNDA:0,(anonymous_33)
FNDA:0,(anonymous_34)
FNDA:0,(anonymous_35)
FNDA:0,(anonymous_36)
FNDA:0,(anonymous_37)
FNDA:0,(anonymous_38)
FNDA:0,(anonymous_39)
FNDA:0,(anonymous_40)
FNDA:0,(anonymous_41)
FNDA:0,(anonymous_42)
FNDA:0,(anonymous_43)
FNDA:0,(anonymous_44)
FNDA:0,(anonymous_45)
FNDA:0,(anonymous_46)
FNDA:0,(anonymous_47)
FNDA:0,(anonymous_48)
FNDA:0,(anonymous_49)
FNDA:0,(anonymous_50)
FNDA:0,(anonymous_51)
FNDA:0,(anonymous_52)
FNDA:0,(anonymous_53)
FNDA:0,(anonymous_54)
FNDA:0,(anonymous_55)
FNDA:0,(anonymous_56)
FNDA:0,(anonymous_57)
FNDA:0,(anonymous_58)
FNDA:0,(anonymous_59)
FNDA:0,(anonymous_60)
FNDA:0,(anonymous_61)
FNDA:0,(anonymous_62)
FNDA:0,(anonymous_63)
FNDA:0,(anonymous_64)
FNDA:0,(anonymous_65)
FNDA:0,(anonymous_66)
FNDA:0,(anonymous_67)
FNDA:0,(anonymous_68)
FNDA:0,(anonymous_69)
DA:2,1
DA:4,1
DA:6,1
DA:7,1
DA:8,1
DA:16,1
DA:17,1
DA:18,0
DA:59,1
DA:60,1
DA:61,1
DA:62,1
DA:63,1
DA:72,1
DA:75,1
DA:81,1
DA:82,1
DA:84,1
DA:86,0
DA:90,1
DA:97,0
DA:101,0
DA:119,1
DA:126,0
DA:135,1
DA:141,0
DA:151,1
DA:156,0
DA:163,1
DA:171,0
DA:176,1
DA:181,0
DA:186,1
DA:192,0
DA:201,1
DA:207,0
DA:216,1
DA:220,0
DA:230,1
DA:239,1
DA:240,1
DA:241,1
DA:253,0
DA:257,0
DA:258,0
DA:261,0
DA:278,0
DA:280,0
DA:287,1
DA:293,0
DA:295,0
DA:304,0
DA:307,0
DA:310,1
DA:313,1
DA:317,0
DA:342,1
DA:348,1
DA:349,1
DA:350,1
DA:351,1
DA:360,1
DA:361,1
DA:366,1
DA:367,1
DA:371,1
DA:373,1
DA:374,1
DA:385,1
DA:401,1
DA:402,1
DA:410,1
DA:411,1
DA:416,1
DA:426,1
DA:436,0
DA:438,1
DA:439,1
DA:440,1
DA:446,1
DA:450,1
DA:454,1
DA:456,1
DA:458,1
DA:465,1
DA:483,0
DA:486,0
DA:487,0
DA:488,0
DA:489,0
DA:490,0
DA:491,0
DA:492,0
DA:493,0
DA:496,0
DA:501,0
DA:516,0
DA:518,0
DA:526,0
DA:527,0
DA:528,0
DA:533,0
DA:543,0
DA:547,0
DA:548,0
DA:556,0
DA:561,0
DA:565,0
DA:566,0
DA:567,0
DA:568,0
DA:569,0
DA:572,0
DA:576,0
DA:577,0
DA:578,0
DA:579,0
DA:580,0
DA:583,0
DA:587,0
DA:588,0
DA:589,0
DA:590,0
DA:591,0
DA:594,0
DA:595,0
DA:598,0
DA:605,0
DA:608,0
DA:616,0
DA:622,0
DA:624,0
DA:631,0
DA:638,0
DA:639,0
DA:646,0
DA:654,0
DA:662,0
DA:667,0
DA:672,0
DA:681,0
DA:687,0
DA:688,0
DA:700,0
DA:701,0
DA:712,0
DA:713,0
DA:716,0
DA:717,0
DA:720,0
DA:721,0
DA:724,0
DA:725,0
DA:732,0
DA:733,0
DA:734,0
DA:738,0
DA:739,0
DA:740,0
DA:741,0
DA:743,0
DA:744,0
DA:745,0
DA:746,0
DA:749,0
DA:753,0
DA:754,0
DA:755,0
DA:757,0
DA:758,0
DA:760,0
DA:772,0
DA:781,0
DA:782,0
DA:783,0
DA:784,0
DA:787,0
DA:795,0
DA:796,0
DA:797,0
DA:798,0
DA:799,0
DA:801,0
DA:802,0
DA:803,0
DA:805,0
DA:808,0
DA:812,0
DA:813,0
DA:824,0
DA:825,0
DA:826,0
DA:828,0
DA:829,0
DA:836,0
DA:839,0
DA:848,0
DA:849,0
DA:860,0
DA:861,0
DA:862,0
DA:864,0
DA:865,0
DA:872,0
DA:875,0
DA:884,0
DA:885,0
DA:886,0
DA:887,0
DA:889,0
DA:893,0
DA:895,0
DA:897,0
DA:898,0
DA:906,0
DA:907,0
DA:910,0
DA:911,0
DA:912,0
DA:918,0
DA:925,0
DA:929,0
DA:930,0
DA:933,0
DA:934,0
DA:935,0
DA:936,0
DA:940,0
DA:941,0
DA:942,0
DA:943,0
DA:944,0
DA:948,0
DA:949,0
DA:950,0
DA:952,0
DA:956,0
DA:957,0
DA:958,0
DA:960,0
DA:961,0
DA:962,0
DA:966,0
DA:967,0
DA:968,0
DA:969,0
DA:970,0
DA:971,0
DA:974,0
DA:975,0
DA:976,0
DA:977,0
DA:978,0
DA:979,0
DA:982,0
DA:983,0
DA:997,0
DA:998,0
DA:999,0
DA:1000,0
DA:1001,0
DA:1004,0
DA:1005,0
DA:1006,0
DA:1007,0
DA:1010,0
DA:1011,0
DA:1012,0
DA:1017,0
DA:1018,0
DA:1019,0
LF:271
LH:61
BRDA:527,0,0,0
BRDA:527,0,1,0
BRDA:547,1,0,0
BRDA:547,1,1,0
BRDA:561,2,0,0
BRDA:561,2,1,0
BRDA:568,3,0,0
BRDA:568,3,1,0
BRDA:579,4,0,0
BRDA:579,4,1,0
BRDA:589,5,0,0
BRDA:589,5,1,0
BRDA:589,6,0,0
BRDA:589,6,1,0
BRDA:589,6,2,0
BRDA:594,7,0,0
BRDA:594,7,1,0
BRDA:608,8,0,0
BRDA:608,8,1,0
BRDA:608,9,0,0
BRDA:608,9,1,0
BRDA:622,10,0,0
BRDA:622,10,1,0
BRDA:623,11,0,0
BRDA:623,11,1,0
BRDA:623,12,0,0
BRDA:623,12,1,0
BRDA:638,13,0,0
BRDA:638,13,1,0
BRDA:646,14,0,0
BRDA:646,14,1,0
BRDA:687,15,0,0
BRDA:687,15,1,0
BRDA:733,16,0,0
BRDA:733,16,1,0
BRDA:745,17,0,0
BRDA:745,17,1,0
BRDA:757,18,0,0
BRDA:757,18,1,0
BRDA:766,19,0,0
BRDA:766,19,1,0
BRDA:768,20,0,0
BRDA:768,20,1,0
BRDA:769,21,0,0
BRDA:769,21,1,0
BRDA:770,22,0,0
BRDA:770,22,1,0
BRDA:771,23,0,0
BRDA:771,23,1,0
BRDA:776,24,0,0
BRDA:776,24,1,0
BRDA:790,25,0,0
BRDA:790,25,1,0
BRDA:798,26,0,0
BRDA:798,26,1,0
BRDA:801,27,0,0
BRDA:801,27,1,0
BRDA:824,28,0,0
BRDA:824,28,1,0
BRDA:828,29,0,0
BRDA:828,29,1,0
BRDA:842,30,0,0
BRDA:842,30,1,0
BRDA:860,31,0,0
BRDA:860,31,1,0
BRDA:864,32,0,0
BRDA:864,32,1,0
BRDA:878,33,0,0
BRDA:878,33,1,0
BRDA:889,34,0,0
BRDA:889,34,1,0
BRDA:893,35,0,0
BRDA:893,35,1,0
BRDA:897,36,0,0
BRDA:897,36,1,0
BRDA:910,37,0,0
BRDA:910,37,1,0
BRDA:911,38,0,0
BRDA:911,38,1,0
BRDA:921,39,0,0
BRDA:921,39,1,0
BRDA:934,40,0,0
BRDA:934,40,1,0
BRDA:941,41,0,0
BRDA:941,41,1,0
BRDA:941,42,0,0
BRDA:941,42,1,0
BRDA:941,42,2,0
BRDA:949,43,0,0
BRDA:949,43,1,0
BRDA:960,44,0,0
BRDA:960,44,1,0
BRDA:975,45,0,0
BRDA:975,45,1,0
BRDA:1011,46,0,0
BRDA:1011,46,1,0
BRDA:9,47,0,0
BRDA:9,47,1,0
BRDA:18,48,0,0
BRDA:18,48,1,0
BRDA:64,49,0,0
BRDA:64,49,1,0
BRDA:65,50,0,0
BRDA:65,50,1,0
BRDA:76,51,0,0
BRDA:76,51,1,0
BRDA:85,52,0,0
BRDA:85,52,1,0
BRDA:86,53,0,0
BRDA:86,53,1,0
BRDA:91,54,0,0
BRDA:91,54,1,0
BRDA:97,55,0,0
BRDA:97,55,1,0
BRDA:100,56,0,0
BRDA:100,56,1,0
BRDA:109,57,0,0
BRDA:109,57,1,NaN
BRDA:112,58,0,0
BRDA:112,58,1,NaN
BRDA:120,59,0,0
BRDA:120,59,1,0
BRDA:126,60,0,0
BRDA:126,60,1,0
BRDA:136,61,0,0
BRDA:136,61,1,0
BRDA:141,62,0,0
BRDA:141,62,1,0
BRDA:152,63,0,0
BRDA:152,63,1,0
BRDA:156,64,0,0
BRDA:156,64,1,0
BRDA:164,65,0,0
BRDA:164,65,1,0
BRDA:171,66,0,0
BRDA:171,66,1,0
BRDA:177,67,0,0
BRDA:177,67,1,0
BRDA:181,68,0,0
BRDA:181,68,1,0
BRDA:187,69,0,0
BRDA:187,69,1,0
BRDA:192,70,0,0
BRDA:192,70,1,0
BRDA:202,71,0,0
BRDA:202,71,1,0
BRDA:207,72,0,0
BRDA:207,72,1,0
BRDA:217,73,0,0
BRDA:217,73,1,0
BRDA:220,74,0,0
BRDA:220,74,1,0
BRDA:232,75,0,0
BRDA:232,75,1,0
BRDA:242,76,0,0
BRDA:242,76,1,0
BRDA:260,77,0,0
BRDA:260,77,1,0
BRDA:269,78,0,0
BRDA:269,78,1,NaN
BRDA:277,79,0,0
BRDA:277,79,1,0
BRDA:282,80,0,0
BRDA:282,80,1,NaN
BRDA:282,81,0,0
BRDA:282,81,1,0
BRDA:282,82,0,0
BRDA:282,82,1,0
BRDA:288,83,0,0
BRDA:288,83,1,0
BRDA:311,84,0,0
BRDA:311,84,1,0
BRDA:324,85,0,0
BRDA:324,85,1,NaN
BRDA:329,86,0,0
BRDA:329,86,1,0
BRDA:334,87,0,0
BRDA:334,87,1,NaN
BRDA:335,88,0,0
BRDA:335,88,1,0
BRDA:343,89,0,0
BRDA:343,89,1,0
BRDA:354,90,0,0
BRDA:354,90,1,0
BRDA:360,91,0,0
BRDA:360,91,1,0
BRDA:366,92,0,0
BRDA:366,92,1,0
BRDA:372,93,0,0
BRDA:372,93,1,0
BRDA:390,94,0,0
BRDA:390,94,1,0
BRDA:391,95,0,0
BRDA:391,95,1,0
BRDA:403,96,0,0
BRDA:403,96,1,0
BRDA:409,97,0,0
BRDA:409,97,1,NaN
BRDA:412,98,0,0
BRDA:412,98,1,0
BRDA:413,99,0,0
BRDA:413,99,1,0
BRDA:413,100,0,0
BRDA:413,100,1,0
BRDA:414,101,0,0
BRDA:414,101,1,0
BRDA:417,102,0,0
BRDA:417,102,1,0
BRDA:418,103,0,0
BRDA:418,103,1,0
BRDA:420,104,0,0
BRDA:420,104,1,0
BRDA:427,105,0,0
BRDA:427,105,1,0
BRDA:445,106,0,0
BRDA:445,106,1,0
BRDA:449,107,0,0
BRDA:449,107,1,0
BRDA:453,108,0,0
BRDA:453,108,1,0
BRDA:457,109,0,0
BRDA:457,109,1,0
BRDA:463,110,0,0
BRDA:463,110,1,NaN
BRDA:464,111,0,0
BRDA:464,111,1,0
BRDA:468,112,0,0
BRDA:468,112,1,0
BRF:228
BRH:0
end_of_record
TN:
SF:resources/js/test/App.spec.js
FN:5,(anonymous_0)
FN:6,(anonymous_1)
FNF:2
FNH:0
FNDA:0,(anonymous_0)
FNDA:0,(anonymous_1)
DA:5,0
DA:6,0
DA:7,0
DA:9,0
LF:4
LH:0
BRF:0
BRH:0
end_of_record
